{"meta": {"format": 3, "version": "7.13.0", "timestamp": "2025-12-16T03:29:38.392006", "branch_coverage": true, "show_contexts": false}, "files": {"analyze_test_coverage.py": {"executed_lines": [], "summary": {"covered_lines": 0, "num_statements": 109, "percent_covered": 0.0, "percent_covered_display": "0", "missing_lines": 109, "excluded_lines": 0, "percent_statements_covered": 0.0, "percent_statements_covered_display": "0", "num_branches": 40, "num_partial_branches": 0, "covered_branches": 0, "missing_branches": 40, "percent_branches_covered": 0.0, "percent_branches_covered_display": "0"}, "missing_lines": [8, 9, 10, 11, 12, 15, 17, 18, 19, 22, 33, 41, 42, 44, 45, 46, 48, 56, 58, 59, 70, 73, 74, 75, 76, 78, 91, 93, 94, 96, 97, 99, 100, 106, 109, 111, 112, 113, 114, 117, 118, 120, 121, 122, 123, 124, 125, 126, 127, 128, 130, 131, 132, 133, 134, 136, 139, 140, 141, 142, 144, 147, 153, 154, 156, 157, 158, 163, 164, 167, 168, 169, 170, 172, 173, 178, 179, 180, 181, 182, 183, 184, 188, 190, 193, 195, 198, 204, 205, 206, 207, 208, 209, 217, 218, 221, 222, 223, 225, 228, 229, 230, 231, 233, 234, 235, 237, 240, 241], "excluded_lines": [], "executed_branches": [], "missing_branches": [[44, 45], [44, 48], [58, 59], [58, 70], [74, 75], [74, 78], [93, 94], [93, 96], [97, 99], [97, 106], [99, 97], [99, 100], [121, 122], [121, 139], [122, 123], [122, 136], [127, 128], [127, 130], [133, 121], [133, 134], [139, 140], [139, 167], [156, 157], [156, 163], [163, 164], [163, 167], [167, 168], [167, 190], [178, 179], [178, 188], [182, 183], [182, 190], [204, 205], [204, 217], [229, 230], [229, 233], [230, 229], [230, 231], [240, -1], [240, 241]], "functions": {"run_coverage": {"executed_lines": [], "summary": {"covered_lines": 0, "num_statements": 11, "percent_covered": 0.0, "percent_covered_display": "0", "missing_lines": 11, "excluded_lines": 0, "percent_statements_covered": 0.0, "percent_statements_covered_display": "0", "num_branches": 2, "num_partial_branches": 0, "covered_branches": 0, "missing_branches": 2, "percent_branches_covered": 0.0, "percent_branches_covered_display": "0"}, "missing_lines": [17, 18, 19, 22, 33, 41, 42, 44, 45, 46, 48], "excluded_lines": [], "executed_branches": [], "missing_branches": [[44, 45], [44, 48]]}, "extract_coverage_summary": {"executed_lines": [], "summary": {"covered_lines": 0, "num_statements": 8, "percent_covered": 0.0, "percent_covered_display": "0", "missing_lines": 8, "excluded_lines": 0, "percent_statements_covered": 0.0, "percent_statements_covered_display": "0", "num_branches": 4, "num_partial_branches": 0, "covered_branches": 0, "missing_branches": 4, "percent_branches_covered": 0.0, "percent_branches_covered_display": "0"}, "missing_lines": [58, 59, 70, 73, 74, 75, 76, 78], "excluded_lines": [], "executed_branches": [], "missing_branches": [[58, 59], [58, 70], [74, 75], [74, 78]]}, "get_file_coverage": {"executed_lines": [], "summary": {"covered_lines": 0, "num_statements": 7, "percent_covered": 0.0, "percent_covered_display": "0", "missing_lines": 7, "excluded_lines": 0, "percent_statements_covered": 0.0, "percent_statements_covered_display": "0", "num_branches": 6, "num_partial_branches": 0, "covered_branches": 0, "missing_branches": 6, "percent_branches_covered": 0.0, "percent_branches_covered_display": "0"}, "missing_lines": [93, 94, 96, 97, 99, 100, 106], "excluded_lines": [], "executed_branches": [], "missing_branches": [[93, 94], [93, 96], [97, 99], [97, 106], [99, 97], [99, 100]]}, "generate_report": {"executed_lines": [], "summary": {"covered_lines": 0, "num_statements": 49, "percent_covered": 0.0, "percent_covered_display": "0", "missing_lines": 49, "excluded_lines": 0, "percent_statements_covered": 0.0, "percent_statements_covered_display": "0", "num_branches": 20, "num_partial_branches": 0, "covered_branches": 0, "missing_branches": 20, "percent_branches_covered": 0.0, "percent_branches_covered_display": "0"}, "missing_lines": [111, 112, 113, 114, 117, 118, 120, 121, 122, 123, 124, 125, 126, 127, 128, 130, 131, 132, 133, 134, 136, 139, 140, 141, 142, 144, 147, 153, 154, 156, 157, 158, 163, 164, 167, 168, 169, 170, 172, 173, 178, 179, 180, 181, 182, 183, 184, 188, 190], "excluded_lines": [], "executed_branches": [], "missing_branches": [[121, 122], [121, 139], [122, 123], [122, 136], [127, 128], [127, 130], [133, 121], [133, 134], [139, 140], [139, 167], [156, 157], [156, 163], [163, 164], [163, 167], [167, 168], [167, 190], [178, 179], [178, 188], [182, 183], [182, 190]]}, "main": {"executed_lines": [], "summary": {"covered_lines": 0, "num_statements": 22, "percent_covered": 0.0, "percent_covered_display": "0", "missing_lines": 22, "excluded_lines": 0, "percent_statements_covered": 0.0, "percent_statements_covered_display": "0", "num_branches": 6, "num_partial_branches": 0, "covered_branches": 0, "missing_branches": 6, "percent_branches_covered": 0.0, "percent_branches_covered_display": "0"}, "missing_lines": [195, 198, 204, 205, 206, 207, 208, 209, 217, 218, 221, 222, 223, 225, 228, 229, 230, 231, 233, 234, 235, 237], "excluded_lines": [], "executed_branches": [], "missing_branches": [[204, 205], [204, 217], [229, 230], [229, 233], [230, 229], [230, 231]]}, "": {"executed_lines": [], "summary": {"covered_lines": 0, "num_statements": 12, "percent_covered": 0.0, "percent_covered_display": "0", "missing_lines": 12, "excluded_lines": 0, "percent_statements_covered": 0.0, "percent_statements_covered_display": "0", "num_branches": 2, "num_partial_branches": 0, "covered_branches": 0, "missing_branches": 2, "percent_branches_covered": 0.0, "percent_branches_covered_display": "0"}, "missing_lines": [8, 9, 10, 11, 12, 15, 56, 91, 109, 193, 240, 241], "excluded_lines": [], "executed_branches": [], "missing_branches": [[240, -1], [240, 241]]}}, "classes": {"": {"executed_lines": [], "summary": {"covered_lines": 0, "num_statements": 109, "percent_covered": 0.0, "percent_covered_display": "0", "missing_lines": 109, "excluded_lines": 0, "percent_statements_covered": 0.0, "percent_statements_covered_display": "0", "num_branches": 40, "num_partial_branches": 0, "covered_branches": 0, "missing_branches": 40, "percent_branches_covered": 0.0, "percent_branches_covered_display": "0"}, "missing_lines": [8, 9, 10, 11, 12, 15, 17, 18, 19, 22, 33, 41, 42, 44, 45, 46, 48, 56, 58, 59, 70, 73, 74, 75, 76, 78, 91, 93, 94, 96, 97, 99, 100, 106, 109, 111, 112, 113, 114, 117, 118, 120, 121, 122, 123, 124, 125, 126, 127, 128, 130, 131, 132, 133, 134, 136, 139, 140, 141, 142, 144, 147, 153, 154, 156, 157, 158, 163, 164, 167, 168, 169, 170, 172, 173, 178, 179, 180, 181, 182, 183, 184, 188, 190, 193, 195, 198, 204, 205, 206, 207, 208, 209, 217, 218, 221, 222, 223, 225, 228, 229, 230, 231, 233, 234, 235, 237, 240, 241], "excluded_lines": [], "executed_branches": [], "missing_branches": [[44, 45], [44, 48], [58, 59], [58, 70], [74, 75], [74, 78], [93, 94], [93, 96], [97, 99], [97, 106], [99, 97], [99, 100], [121, 122], [121, 139], [122, 123], [122, 136], [127, 128], [127, 130], [133, 121], [133, 134], [139, 140], [139, 167], [156, 157], [156, 163], [163, 164], [163, 167], [167, 168], [167, 190], [178, 179], [178, 188], [182, 183], [182, 190], [204, 205], [204, 217], [229, 230], [229, 233], [230, 229], [230, 231], [240, -1], [240, 241]]}}}, "cli/__init__.py": {"executed_lines": [], "summary": {"covered_lines": 0, "num_statements": 0, "percent_covered": 100.0, "percent_covered_display": "100", "missing_lines": 0, "excluded_lines": 0, "percent_statements_covered": 100.0, "percent_statements_covered_display": "100", "num_branches": 0, "num_partial_branches": 0, "covered_branches": 0, "missing_branches": 0, "percent_branches_covered": 100.0, "percent_branches_covered_display": "100"}, "missing_lines": [], "excluded_lines": [], "executed_branches": [], "missing_branches": [], "functions": {"": {"executed_lines": [], "summary": {"covered_lines": 0, "num_statements": 0, "percent_covered": 100.0, "percent_covered_display": "100", "missing_lines": 0, "excluded_lines": 0, "percent_statements_covered": 100.0, "percent_statements_covered_display": "100", "num_branches": 0, "num_partial_branches": 0, "covered_branches": 0, "missing_branches": 0, "percent_branches_covered": 100.0, "percent_branches_covered_display": "100"}, "missing_lines": [], "excluded_lines": [], "executed_branches": [], "missing_branches": []}}, "classes": {"": {"executed_lines": [], "summary": {"covered_lines": 0, "num_statements": 0, "percent_covered": 100.0, "percent_covered_display": "100", "missing_lines": 0, "excluded_lines": 0, "percent_statements_covered": 100.0, "percent_statements_covered_display": "100", "num_branches": 0, "num_partial_branches": 0, "covered_branches": 0, "missing_branches": 0, "percent_branches_covered": 100.0, "percent_branches_covered_display": "100"}, "missing_lines": [], "excluded_lines": [], "executed_branches": [], "missing_branches": []}}}, "cli/btool.py": {"executed_lines": [], "summary": {"covered_lines": 0, "num_statements": 92, "percent_covered": 0.0, "percent_covered_display": "0", "missing_lines": 92, "excluded_lines": 0, "percent_statements_covered": 0.0, "percent_statements_covered_display": "0", "num_branches": 38, "num_partial_branches": 0, "covered_branches": 0, "missing_branches": 38, "percent_branches_covered": 0.0, "percent_branches_covered_display": "0"}, "missing_lines": [20, 21, 22, 23, 25, 28, 30, 33, 39, 40, 41, 43, 44, 45, 46, 47, 48, 51, 57, 58, 59, 62, 69, 72, 73, 76, 77, 78, 80, 81, 82, 83, 85, 86, 89, 90, 91, 92, 93, 95, 96, 99, 100, 103, 105, 106, 113, 119, 122, 123, 125, 126, 127, 128, 129, 130, 131, 134, 135, 136, 137, 139, 142, 144, 145, 146, 147, 149, 150, 151, 152, 153, 155, 158, 159, 160, 163, 164, 167, 170, 173, 176, 178, 180, 181, 182, 183, 184, 185, 187, 190, 191], "excluded_lines": [], "executed_branches": [], "missing_branches": [[40, 41], [40, 43], [72, 73], [72, 76], [76, 77], [76, 89], [77, 76], [77, 78], [78, 80], [78, 85], [89, 90], [89, 99], [90, 91], [90, 95], [99, 100], [99, 103], [122, 123], [122, 134], [125, 126], [125, 131], [126, 125], [126, 127], [134, 135], [134, 139], [145, 146], [145, 149], [150, -142], [150, 151], [152, 153], [152, 155], [180, 181], [180, 182], [182, 183], [182, 184], [184, 185], [184, 187], [190, -1], [190, 191]], "functions": {"get_ignore_list_path": {"executed_lines": [], "summary": {"covered_lines": 0, "num_statements": 1, "percent_covered": 0.0, "percent_covered_display": "0", "missing_lines": 1, "excluded_lines": 0, "percent_statements_covered": 0.0, "percent_statements_covered_display": "0", "num_branches": 0, "num_partial_branches": 0, "covered_branches": 0, "missing_branches": 0, "percent_branches_covered": 100.0, "percent_branches_covered_display": "100"}, "missing_lines": [30], "excluded_lines": [], "executed_branches": [], "missing_branches": []}, "load_ignore_list": {"executed_lines": [], "summary": {"covered_lines": 0, "num_statements": 9, "percent_covered": 0.0, "percent_covered_display": "0", "missing_lines": 9, "excluded_lines": 0, "percent_statements_covered": 0.0, "percent_statements_covered_display": "0", "num_branches": 2, "num_partial_branches": 0, "covered_branches": 0, "missing_branches": 2, "percent_branches_covered": 0.0, "percent_branches_covered_display": "0"}, "missing_lines": [39, 40, 41, 43, 44, 45, 46, 47, 48], "excluded_lines": [], "executed_branches": [], "missing_branches": [[40, 41], [40, 43]]}, "save_ignore_list": {"executed_lines": [], "summary": {"covered_lines": 0, "num_statements": 3, "percent_covered": 0.0, "percent_covered_display": "0", "missing_lines": 3, "excluded_lines": 0, "percent_statements_covered": 0.0, "percent_statements_covered_display": "0", "num_branches": 0, "num_partial_branches": 0, "covered_branches": 0, "missing_branches": 0, "percent_branches_covered": 100.0, "percent_branches_covered_display": "100"}, "missing_lines": [57, 58, 59], "excluded_lines": [], "executed_branches": [], "missing_branches": []}, "add_bot": {"executed_lines": [], "summary": {"covered_lines": 0, "num_statements": 24, "percent_covered": 0.0, "percent_covered_display": "0", "missing_lines": 24, "excluded_lines": 0, "percent_statements_covered": 0.0, "percent_statements_covered_display": "0", "num_branches": 14, "num_partial_branches": 0, "covered_branches": 0, "missing_branches": 14, "percent_branches_covered": 0.0, "percent_branches_covered_display": "0"}, "missing_lines": [69, 72, 73, 76, 77, 78, 80, 81, 82, 83, 85, 86, 89, 90, 91, 92, 93, 95, 96, 99, 100, 103, 105, 106], "excluded_lines": [], "executed_branches": [], "missing_branches": [[72, 73], [72, 76], [76, 77], [76, 89], [77, 76], [77, 78], [78, 80], [78, 85], [89, 90], [89, 99], [90, 91], [90, 95], [99, 100], [99, 103]]}, "remove_bot": {"executed_lines": [], "summary": {"covered_lines": 0, "num_statements": 15, "percent_covered": 0.0, "percent_covered_display": "0", "missing_lines": 15, "excluded_lines": 0, "percent_statements_covered": 0.0, "percent_statements_covered_display": "0", "num_branches": 8, "num_partial_branches": 0, "covered_branches": 0, "missing_branches": 8, "percent_branches_covered": 0.0, "percent_branches_covered_display": "0"}, "missing_lines": [119, 122, 123, 125, 126, 127, 128, 129, 130, 131, 134, 135, 136, 137, 139], "excluded_lines": [], "executed_branches": [], "missing_branches": [[122, 123], [122, 134], [125, 126], [125, 131], [126, 125], [126, 127], [134, 135], [134, 139]]}, "list_bots": {"executed_lines": [], "summary": {"covered_lines": 0, "num_statements": 10, "percent_covered": 0.0, "percent_covered_display": "0", "missing_lines": 10, "excluded_lines": 0, "percent_statements_covered": 0.0, "percent_statements_covered_display": "0", "num_branches": 6, "num_partial_branches": 0, "covered_branches": 0, "missing_branches": 6, "percent_branches_covered": 0.0, "percent_branches_covered_display": "0"}, "missing_lines": [144, 145, 146, 147, 149, 150, 151, 152, 153, 155], "excluded_lines": [], "executed_branches": [], "missing_branches": [[145, 146], [145, 149], [150, -142], [150, 151], [152, 153], [152, 155]]}, "main": {"executed_lines": [], "summary": {"covered_lines": 0, "num_statements": 16, "percent_covered": 0.0, "percent_covered_display": "0", "missing_lines": 16, "excluded_lines": 0, "percent_statements_covered": 0.0, "percent_statements_covered_display": "0", "num_branches": 6, "num_partial_branches": 0, "covered_branches": 0, "missing_branches": 6, "percent_branches_covered": 0.0, "percent_branches_covered_display": "0"}, "missing_lines": [159, 160, 163, 164, 167, 170, 173, 176, 178, 180, 181, 182, 183, 184, 185, 187], "excluded_lines": [], "executed_branches": [], "missing_branches": [[180, 181], [180, 182], [182, 183], [182, 184], [184, 185], [184, 187]]}, "": {"executed_lines": [], "summary": {"covered_lines": 0, "num_statements": 14, "percent_covered": 0.0, "percent_covered_display": "0", "missing_lines": 14, "excluded_lines": 0, "percent_statements_covered": 0.0, "percent_statements_covered_display": "0", "num_branches": 2, "num_partial_branches": 0, "covered_branches": 0, "missing_branches": 2, "percent_branches_covered": 0.0, "percent_branches_covered_display": "0"}, "missing_lines": [20, 21, 22, 23, 25, 28, 33, 51, 62, 113, 142, 158, 190, 191], "excluded_lines": [], "executed_branches": [], "missing_branches": [[190, -1], [190, 191]]}}, "classes": {"": {"executed_lines": [], "summary": {"covered_lines": 0, "num_statements": 92, "percent_covered": 0.0, "percent_covered_display": "0", "missing_lines": 92, "excluded_lines": 0, "percent_statements_covered": 0.0, "percent_statements_covered_display": "0", "num_branches": 38, "num_partial_branches": 0, "covered_branches": 0, "missing_branches": 38, "percent_branches_covered": 0.0, "percent_branches_covered_display": "0"}, "missing_lines": [20, 21, 22, 23, 25, 28, 30, 33, 39, 40, 41, 43, 44, 45, 46, 47, 48, 51, 57, 58, 59, 62, 69, 72, 73, 76, 77, 78, 80, 81, 82, 83, 85, 86, 89, 90, 91, 92, 93, 95, 96, 99, 100, 103, 105, 106, 113, 119, 122, 123, 125, 126, 127, 128, 129, 130, 131, 134, 135, 136, 137, 139, 142, 144, 145, 146, 147, 149, 150, 151, 152, 153, 155, 158, 159, 160, 163, 164, 167, 170, 173, 176, 178, 180, 181, 182, 183, 184, 185, 187, 190, 191], "excluded_lines": [], "executed_branches": [], "missing_branches": [[40, 41], [40, 43], [72, 73], [72, 76], [76, 77], [76, 89], [77, 76], [77, 78], [78, 80], [78, 85], [89, 90], [89, 99], [90, 91], [90, 95], [99, 100], [99, 103], [122, 123], [122, 134], [125, 126], [125, 131], [126, 125], [126, 127], [134, 135], [134, 139], [145, 146], [145, 149], [150, -142], [150, 151], [152, 153], [152, 155], [180, 181], [180, 182], [182, 183], [182, 184], [184, 185], [184, 187], [190, -1], [190, 191]]}}}, "cli/ctool.py": {"executed_lines": [], "summary": {"covered_lines": 0, "num_statements": 47, "percent_covered": 0.0, "percent_covered_display": "0", "missing_lines": 47, "excluded_lines": 0, "percent_statements_covered": 0.0, "percent_statements_covered_display": "0", "num_branches": 14, "num_partial_branches": 0, "covered_branches": 0, "missing_branches": 14, "percent_branches_covered": 0.0, "percent_branches_covered_display": "0"}, "missing_lines": [2, 3, 4, 6, 9, 11, 12, 13, 15, 18, 20, 22, 29, 30, 32, 35, 37, 39, 42, 44, 45, 46, 48, 49, 50, 51, 52, 53, 54, 55, 58, 59, 60, 61, 64, 67, 70, 71, 72, 79, 81, 82, 83, 84, 86, 89, 90], "excluded_lines": [], "executed_branches": [], "missing_branches": [[12, 13], [12, 15], [29, 30], [29, 32], [44, 45], [44, 48], [50, -42], [50, 51], [81, 82], [81, 83], [83, 84], [83, 86], [89, -1], [89, 90]], "functions": {"list_conversations": {"executed_lines": [], "summary": {"covered_lines": 0, "num_statements": 4, "percent_covered": 0.0, "percent_covered_display": "0", "missing_lines": 4, "excluded_lines": 0, "percent_statements_covered": 0.0, "percent_statements_covered_display": "0", "num_branches": 2, "num_partial_branches": 0, "covered_branches": 0, "missing_branches": 2, "percent_branches_covered": 0.0, "percent_branches_covered_display": "0"}, "missing_lines": [11, 12, 13, 15], "excluded_lines": [], "executed_branches": [], "missing_branches": [[12, 13], [12, 15]]}, "get_conversation": {"executed_lines": [], "summary": {"covered_lines": 0, "num_statements": 5, "percent_covered": 0.0, "percent_covered_display": "0", "missing_lines": 5, "excluded_lines": 0, "percent_statements_covered": 0.0, "percent_statements_covered_display": "0", "num_branches": 2, "num_partial_branches": 0, "covered_branches": 0, "missing_branches": 2, "percent_branches_covered": 0.0, "percent_branches_covered_display": "0"}, "missing_lines": [20, 22, 29, 30, 32], "excluded_lines": [], "executed_branches": [], "missing_branches": [[29, 30], [29, 32]]}, "print_json": {"executed_lines": [], "summary": {"covered_lines": 0, "num_statements": 2, "percent_covered": 0.0, "percent_covered_display": "0", "missing_lines": 2, "excluded_lines": 0, "percent_statements_covered": 0.0, "percent_statements_covered_display": "0", "num_branches": 0, "num_partial_branches": 0, "covered_branches": 0, "missing_branches": 0, "percent_branches_covered": 100.0, "percent_branches_covered_display": "100"}, "missing_lines": [37, 39], "excluded_lines": [], "executed_branches": [], "missing_branches": []}, "print_conversations": {"executed_lines": [], "summary": {"covered_lines": 0, "num_statements": 11, "percent_covered": 0.0, "percent_covered_display": "0", "missing_lines": 11, "excluded_lines": 0, "percent_statements_covered": 0.0, "percent_statements_covered_display": "0", "num_branches": 4, "num_partial_branches": 0, "covered_branches": 0, "missing_branches": 4, "percent_branches_covered": 0.0, "percent_branches_covered_display": "0"}, "missing_lines": [44, 45, 46, 48, 49, 50, 51, 52, 53, 54, 55], "excluded_lines": [], "executed_branches": [], "missing_branches": [[44, 45], [44, 48], [50, -42], [50, 51]]}, "main": {"executed_lines": [], "summary": {"covered_lines": 0, "num_statements": 14, "percent_covered": 0.0, "percent_covered_display": "0", "missing_lines": 14, "excluded_lines": 0, "percent_statements_covered": 0.0, "percent_statements_covered_display": "0", "num_branches": 4, "num_partial_branches": 0, "covered_branches": 0, "missing_branches": 4, "percent_branches_covered": 0.0, "percent_branches_covered_display": "0"}, "missing_lines": [59, 60, 61, 64, 67, 70, 71, 72, 79, 81, 82, 83, 84, 86], "excluded_lines": [], "executed_branches": [], "missing_branches": [[81, 82], [81, 83], [83, 84], [83, 86]]}, "": {"executed_lines": [], "summary": {"covered_lines": 0, "num_statements": 11, "percent_covered": 0.0, "percent_covered_display": "0", "missing_lines": 11, "excluded_lines": 0, "percent_statements_covered": 0.0, "percent_statements_covered_display": "0", "num_branches": 2, "num_partial_branches": 0, "covered_branches": 0, "missing_branches": 2, "percent_branches_covered": 0.0, "percent_branches_covered_display": "0"}, "missing_lines": [2, 3, 4, 6, 9, 18, 35, 42, 58, 89, 90], "excluded_lines": [], "executed_branches": [], "missing_branches": [[89, -1], [89, 90]]}}, "classes": {"": {"executed_lines": [], "summary": {"covered_lines": 0, "num_statements": 47, "percent_covered": 0.0, "percent_covered_display": "0", "missing_lines": 47, "excluded_lines": 0, "percent_statements_covered": 0.0, "percent_statements_covered_display": "0", "num_branches": 14, "num_partial_branches": 0, "covered_branches": 0, "missing_branches": 14, "percent_branches_covered": 0.0, "percent_branches_covered_display": "0"}, "missing_lines": [2, 3, 4, 6, 9, 11, 12, 13, 15, 18, 20, 22, 29, 30, 32, 35, 37, 39, 42, 44, 45, 46, 48, 49, 50, 51, 52, 53, 54, 55, 58, 59, 60, 61, 64, 67, 70, 71, 72, 79, 81, 82, 83, 84, 86, 89, 90], "excluded_lines": [], "executed_branches": [], "missing_branches": [[12, 13], [12, 15], [29, 30], [29, 32], [44, 45], [44, 48], [50, -42], [50, 51], [81, 82], [81, 83], [83, 84], [83, 86], [89, -1], [89, 90]]}}}, "cli/qtool.py": {"executed_lines": [], "summary": {"covered_lines": 0, "num_statements": 78, "percent_covered": 0.0, "percent_covered_display": "0", "missing_lines": 78, "excluded_lines": 0, "percent_statements_covered": 0.0, "percent_statements_covered_display": "0", "num_branches": 32, "num_partial_branches": 0, "covered_branches": 0, "missing_branches": 32, "percent_branches_covered": 0.0, "percent_branches_covered_display": "0"}, "missing_lines": [2, 3, 4, 5, 7, 14, 16, 17, 18, 20, 23, 25, 26, 27, 28, 30, 31, 32, 34, 35, 36, 38, 39, 42, 44, 46, 47, 48, 49, 50, 51, 52, 53, 54, 55, 56, 58, 59, 62, 64, 66, 69, 71, 72, 73, 75, 76, 77, 78, 79, 80, 81, 82, 83, 84, 87, 88, 89, 90, 93, 96, 97, 98, 99, 102, 103, 104, 105, 107, 109, 110, 111, 112, 113, 114, 116, 119, 120], "excluded_lines": [], "executed_branches": [], "missing_branches": [[17, 18], [17, 20], [25, 26], [25, 32], [27, 28], [27, 30], [32, -23], [32, 34], [35, 36], [35, 38], [44, 46], [44, 53], [47, 48], [47, 52], [49, 47], [49, 50], [53, -42], [53, 54], [55, 56], [55, 58], [71, 72], [71, 75], [77, -69], [77, 78], [109, 110], [109, 111], [111, 112], [111, 113], [113, 114], [113, 116], [119, -1], [119, 120]], "functions": {"list_queue": {"executed_lines": [], "summary": {"covered_lines": 0, "num_statements": 4, "percent_covered": 0.0, "percent_covered_display": "0", "missing_lines": 4, "excluded_lines": 0, "percent_statements_covered": 0.0, "percent_statements_covered_display": "0", "num_branches": 2, "num_partial_branches": 0, "covered_branches": 0, "missing_branches": 2, "percent_branches_covered": 0.0, "percent_branches_covered_display": "0"}, "missing_lines": [16, 17, 18, 20], "excluded_lines": [], "executed_branches": [], "missing_branches": [[17, 18], [17, 20]]}, "flush_queue": {"executed_lines": [], "summary": {"covered_lines": 0, "num_statements": 12, "percent_covered": 0.0, "percent_covered_display": "0", "missing_lines": 12, "excluded_lines": 0, "percent_statements_covered": 0.0, "percent_statements_covered_display": "0", "num_branches": 8, "num_partial_branches": 0, "covered_branches": 0, "missing_branches": 8, "percent_branches_covered": 0.0, "percent_branches_covered_display": "0"}, "missing_lines": [25, 26, 27, 28, 30, 31, 32, 34, 35, 36, 38, 39], "excluded_lines": [], "executed_branches": [], "missing_branches": [[25, 26], [25, 32], [27, 28], [27, 30], [32, -23], [32, 34], [35, 36], [35, 38]]}, "delete_queue": {"executed_lines": [], "summary": {"covered_lines": 0, "num_statements": 14, "percent_covered": 0.0, "percent_covered_display": "0", "missing_lines": 14, "excluded_lines": 0, "percent_statements_covered": 0.0, "percent_statements_covered_display": "0", "num_branches": 10, "num_partial_branches": 0, "covered_branches": 0, "missing_branches": 10, "percent_branches_covered": 0.0, "percent_branches_covered_display": "0"}, "missing_lines": [44, 46, 47, 48, 49, 50, 51, 52, 53, 54, 55, 56, 58, 59], "excluded_lines": [], "executed_branches": [], "missing_branches": [[44, 46], [44, 53], [47, 48], [47, 52], [49, 47], [49, 50], [53, -42], [53, 54], [55, 56], [55, 58]]}, "print_json": {"executed_lines": [], "summary": {"covered_lines": 0, "num_statements": 2, "percent_covered": 0.0, "percent_covered_display": "0", "missing_lines": 2, "excluded_lines": 0, "percent_statements_covered": 0.0, "percent_statements_covered_display": "0", "num_branches": 0, "num_partial_branches": 0, "covered_branches": 0, "missing_branches": 0, "percent_branches_covered": 100.0, "percent_branches_covered_display": "100"}, "missing_lines": [64, 66], "excluded_lines": [], "executed_branches": [], "missing_branches": []}, "print_queue_items": {"executed_lines": [], "summary": {"covered_lines": 0, "num_statements": 13, "percent_covered": 0.0, "percent_covered_display": "0", "missing_lines": 13, "excluded_lines": 0, "percent_statements_covered": 0.0, "percent_statements_covered_display": "0", "num_branches": 4, "num_partial_branches": 0, "covered_branches": 0, "missing_branches": 4, "percent_branches_covered": 0.0, "percent_branches_covered_display": "0"}, "missing_lines": [71, 72, 73, 75, 76, 77, 78, 79, 80, 81, 82, 83, 84], "excluded_lines": [], "executed_branches": [], "missing_branches": [[71, 72], [71, 75], [77, -69], [77, 78]]}, "main": {"executed_lines": [], "summary": {"covered_lines": 0, "num_statements": 20, "percent_covered": 0.0, "percent_covered_display": "0", "missing_lines": 20, "excluded_lines": 0, "percent_statements_covered": 0.0, "percent_statements_covered_display": "0", "num_branches": 6, "num_partial_branches": 0, "covered_branches": 0, "missing_branches": 6, "percent_branches_covered": 0.0, "percent_branches_covered_display": "0"}, "missing_lines": [88, 89, 90, 93, 96, 97, 98, 99, 102, 103, 104, 105, 107, 109, 110, 111, 112, 113, 114, 116], "excluded_lines": [], "executed_branches": [], "missing_branches": [[109, 110], [109, 111], [111, 112], [111, 113], [113, 114], [113, 116]]}, "": {"executed_lines": [], "summary": {"covered_lines": 0, "num_statements": 13, "percent_covered": 0.0, "percent_covered_display": "0", "missing_lines": 13, "excluded_lines": 0, "percent_statements_covered": 0.0, "percent_statements_covered_display": "0", "num_branches": 2, "num_partial_branches": 0, "covered_branches": 0, "missing_branches": 2, "percent_branches_covered": 0.0, "percent_branches_covered_display": "0"}, "missing_lines": [2, 3, 4, 5, 7, 14, 23, 42, 62, 69, 87, 119, 120], "excluded_lines": [], "executed_branches": [], "missing_branches": [[119, -1], [119, 120]]}}, "classes": {"": {"executed_lines": [], "summary": {"covered_lines": 0, "num_statements": 78, "percent_covered": 0.0, "percent_covered_display": "0", "missing_lines": 78, "excluded_lines": 0, "percent_statements_covered": 0.0, "percent_statements_covered_display": "0", "num_branches": 32, "num_partial_branches": 0, "covered_branches": 0, "missing_branches": 32, "percent_branches_covered": 0.0, "percent_branches_covered_display": "0"}, "missing_lines": [2, 3, 4, 5, 7, 14, 16, 17, 18, 20, 23, 25, 26, 27, 28, 30, 31, 32, 34, 35, 36, 38, 39, 42, 44, 46, 47, 48, 49, 50, 51, 52, 53, 54, 55, 56, 58, 59, 62, 64, 66, 69, 71, 72, 73, 75, 76, 77, 78, 79, 80, 81, 82, 83, 84, 87, 88, 89, 90, 93, 96, 97, 98, 99, 102, 103, 104, 105, 107, 109, 110, 111, 112, 113, 114, 116, 119, 120], "excluded_lines": [], "executed_branches": [], "missing_branches": [[17, 18], [17, 20], [25, 26], [25, 32], [27, 28], [27, 30], [32, -23], [32, 34], [35, 36], [35, 38], [44, 46], [44, 53], [47, 48], [47, 52], [49, 47], [49, 50], [53, -42], [53, 54], [55, 56], [55, 58], [71, 72], [71, 75], [77, -69], [77, 78], [109, 110], [109, 111], [111, 112], [111, 113], [113, 114], [113, 116], [119, -1], [119, 120]]}}}, "cli/settings.py": {"executed_lines": [], "summary": {"covered_lines": 0, "num_statements": 116, "percent_covered": 0.0, "percent_covered_display": "0", "missing_lines": 116, "excluded_lines": 0, "percent_statements_covered": 0.0, "percent_statements_covered_display": "0", "num_branches": 34, "num_partial_branches": 0, "covered_branches": 0, "missing_branches": 34, "percent_branches_covered": 0.0, "percent_branches_covered_display": "0"}, "missing_lines": [2, 3, 4, 5, 6, 7, 8, 10, 13, 14, 17, 20, 22, 23, 24, 26, 28, 35, 38, 40, 41, 46, 48, 49, 51, 52, 53, 54, 55, 57, 60, 62, 63, 64, 66, 67, 68, 71, 73, 74, 75, 78, 79, 81, 83, 84, 86, 89, 91, 93, 94, 96, 99, 101, 102, 103, 104, 106, 108, 109, 111, 114, 116, 117, 118, 119, 121, 123, 124, 126, 129, 131, 132, 133, 136, 137, 138, 139, 140, 147, 148, 149, 150, 151, 154, 155, 156, 157, 160, 163, 164, 169, 170, 171, 172, 177, 178, 183, 184, 187, 189, 191, 192, 193, 194, 195, 196, 197, 198, 199, 200, 201, 202, 204, 207, 208], "excluded_lines": [], "executed_branches": [], "missing_branches": [[22, 23], [22, 28], [48, 49], [48, 51], [51, 52], [51, 57], [52, -46], [52, 53], [53, 54], [53, 55], [63, 64], [63, 66], [74, 75], [74, 81], [101, 102], [101, 106], [116, 117], [116, 121], [137, 138], [137, 147], [191, 192], [191, 193], [193, 194], [193, 195], [195, 196], [195, 197], [197, 198], [197, 199], [199, 200], [199, 201], [201, 202], [201, 204], [207, -1], [207, 208]], "functions": {"load_settings": {"executed_lines": [], "summary": {"covered_lines": 0, "num_statements": 6, "percent_covered": 0.0, "percent_covered_display": "0", "missing_lines": 6, "excluded_lines": 0, "percent_statements_covered": 0.0, "percent_statements_covered_display": "0", "num_branches": 2, "num_partial_branches": 0, "covered_branches": 0, "missing_branches": 2, "percent_branches_covered": 0.0, "percent_branches_covered_display": "0"}, "missing_lines": [22, 23, 24, 26, 28, 35], "excluded_lines": [], "executed_branches": [], "missing_branches": [[22, 23], [22, 28]]}, "save_settings": {"executed_lines": [], "summary": {"covered_lines": 0, "num_statements": 2, "percent_covered": 0.0, "percent_covered_display": "0", "missing_lines": 2, "excluded_lines": 0, "percent_statements_covered": 0.0, "percent_statements_covered_display": "0", "num_branches": 0, "num_partial_branches": 0, "covered_branches": 0, "missing_branches": 0, "percent_branches_covered": 100.0, "percent_branches_covered_display": "100"}, "missing_lines": [40, 41], "excluded_lines": [], "executed_branches": [], "missing_branches": []}, "print_output": {"executed_lines": [], "summary": {"covered_lines": 0, "num_statements": 8, "percent_covered": 0.0, "percent_covered_display": "0", "missing_lines": 8, "excluded_lines": 0, "percent_statements_covered": 0.0, "percent_statements_covered_display": "0", "num_branches": 8, "num_partial_branches": 0, "covered_branches": 0, "missing_branches": 8, "percent_branches_covered": 0.0, "percent_branches_covered_display": "0"}, "missing_lines": [48, 49, 51, 52, 53, 54, 55, 57], "excluded_lines": [], "executed_branches": [], "missing_branches": [[48, 49], [48, 51], [51, 52], [51, 57], [52, -46], [52, 53], [53, 54], [53, 55]]}, "get_settings": {"executed_lines": [], "summary": {"covered_lines": 0, "num_statements": 6, "percent_covered": 0.0, "percent_covered_display": "0", "missing_lines": 6, "excluded_lines": 0, "percent_statements_covered": 0.0, "percent_statements_covered_display": "0", "num_branches": 2, "num_partial_branches": 0, "covered_branches": 0, "missing_branches": 2, "percent_branches_covered": 0.0, "percent_branches_covered_display": "0"}, "missing_lines": [62, 63, 64, 66, 67, 68], "excluded_lines": [], "executed_branches": [], "missing_branches": [[63, 64], [63, 66]]}, "set_message_mode": {"executed_lines": [], "summary": {"covered_lines": 0, "num_statements": 9, "percent_covered": 0.0, "percent_covered_display": "0", "missing_lines": 9, "excluded_lines": 0, "percent_statements_covered": 0.0, "percent_statements_covered_display": "0", "num_branches": 2, "num_partial_branches": 0, "covered_branches": 0, "missing_branches": 2, "percent_branches_covered": 0.0, "percent_branches_covered_display": "0"}, "missing_lines": [73, 74, 75, 78, 79, 81, 83, 84, 86], "excluded_lines": [], "executed_branches": [], "missing_branches": [[74, 75], [74, 81]]}, "set_debug_mode": {"executed_lines": [], "summary": {"covered_lines": 0, "num_statements": 4, "percent_covered": 0.0, "percent_covered_display": "0", "missing_lines": 4, "excluded_lines": 0, "percent_statements_covered": 0.0, "percent_statements_covered_display": "0", "num_branches": 0, "num_partial_branches": 0, "covered_branches": 0, "missing_branches": 0, "percent_branches_covered": 100.0, "percent_branches_covered_display": "100"}, "missing_lines": [91, 93, 94, 96], "excluded_lines": [], "executed_branches": [], "missing_branches": []}, "set_queue_refresh": {"executed_lines": [], "summary": {"covered_lines": 0, "num_statements": 8, "percent_covered": 0.0, "percent_covered_display": "0", "missing_lines": 8, "excluded_lines": 0, "percent_statements_covered": 0.0, "percent_statements_covered_display": "0", "num_branches": 2, "num_partial_branches": 0, "covered_branches": 0, "missing_branches": 2, "percent_branches_covered": 0.0, "percent_branches_covered_display": "0"}, "missing_lines": [101, 102, 103, 104, 106, 108, 109, 111], "excluded_lines": [], "executed_branches": [], "missing_branches": [[101, 102], [101, 106]]}, "set_max_retries": {"executed_lines": [], "summary": {"covered_lines": 0, "num_statements": 8, "percent_covered": 0.0, "percent_covered_display": "0", "missing_lines": 8, "excluded_lines": 0, "percent_statements_covered": 0.0, "percent_statements_covered_display": "0", "num_branches": 2, "num_partial_branches": 0, "covered_branches": 0, "missing_branches": 2, "percent_branches_covered": 0.0, "percent_branches_covered_display": "0"}, "missing_lines": [116, 117, 118, 119, 121, 123, 124, 126], "excluded_lines": [], "executed_branches": [], "missing_branches": [[116, 117], [116, 121]]}, "reload_settings": {"executed_lines": [], "summary": {"covered_lines": 0, "num_statements": 13, "percent_covered": 0.0, "percent_covered_display": "0", "missing_lines": 13, "excluded_lines": 0, "percent_statements_covered": 0.0, "percent_statements_covered_display": "0", "num_branches": 2, "num_partial_branches": 0, "covered_branches": 0, "missing_branches": 2, "percent_branches_covered": 0.0, "percent_branches_covered_display": "0"}, "missing_lines": [131, 132, 133, 136, 137, 138, 139, 140, 147, 148, 149, 150, 151], "excluded_lines": [], "executed_branches": [], "missing_branches": [[137, 138], [137, 147]]}, "main": {"executed_lines": [], "summary": {"covered_lines": 0, "num_statements": 29, "percent_covered": 0.0, "percent_covered_display": "0", "missing_lines": 29, "excluded_lines": 0, "percent_statements_covered": 0.0, "percent_statements_covered_display": "0", "num_branches": 12, "num_partial_branches": 0, "covered_branches": 0, "missing_branches": 12, "percent_branches_covered": 0.0, "percent_branches_covered_display": "0"}, "missing_lines": [155, 156, 157, 160, 163, 164, 169, 170, 171, 172, 177, 178, 183, 184, 187, 189, 191, 192, 193, 194, 195, 196, 197, 198, 199, 200, 201, 202, 204], "excluded_lines": [], "executed_branches": [], "missing_branches": [[191, 192], [191, 193], [193, 194], [193, 195], [195, 196], [195, 197], [197, 198], [197, 199], [199, 200], [199, 201], [201, 202], [201, 204]]}, "": {"executed_lines": [], "summary": {"covered_lines": 0, "num_statements": 23, "percent_covered": 0.0, "percent_covered_display": "0", "missing_lines": 23, "excluded_lines": 0, "percent_statements_covered": 0.0, "percent_statements_covered_display": "0", "num_branches": 2, "num_partial_branches": 0, "covered_branches": 0, "missing_branches": 2, "percent_branches_covered": 0.0, "percent_branches_covered_display": "0"}, "missing_lines": [2, 3, 4, 5, 6, 7, 8, 10, 13, 14, 17, 20, 38, 46, 60, 71, 89, 99, 114, 129, 154, 207, 208], "excluded_lines": [], "executed_branches": [], "missing_branches": [[207, -1], [207, 208]]}}, "classes": {"": {"executed_lines": [], "summary": {"covered_lines": 0, "num_statements": 116, "percent_covered": 0.0, "percent_covered_display": "0", "missing_lines": 116, "excluded_lines": 0, "percent_statements_covered": 0.0, "percent_statements_covered_display": "0", "num_branches": 34, "num_partial_branches": 0, "covered_branches": 0, "missing_branches": 34, "percent_branches_covered": 0.0, "percent_branches_covered_display": "0"}, "missing_lines": [2, 3, 4, 5, 6, 7, 8, 10, 13, 14, 17, 20, 22, 23, 24, 26, 28, 35, 38, 40, 41, 46, 48, 49, 51, 52, 53, 54, 55, 57, 60, 62, 63, 64, 66, 67, 68, 71, 73, 74, 75, 78, 79, 81, 83, 84, 86, 89, 91, 93, 94, 96, 99, 101, 102, 103, 104, 106, 108, 109, 111, 114, 116, 117, 118, 119, 121, 123, 124, 126, 129, 131, 132, 133, 136, 137, 138, 139, 140, 147, 148, 149, 150, 151, 154, 155, 156, 157, 160, 163, 164, 169, 170, 171, 172, 177, 178, 183, 184, 187, 189, 191, 192, 193, 194, 195, 196, 197, 198, 199, 200, 201, 202, 204, 207, 208], "excluded_lines": [], "executed_branches": [], "missing_branches": [[22, 23], [22, 28], [48, 49], [48, 51], [51, 52], [51, 57], [52, -46], [52, 53], [53, 54], [53, 55], [63, 64], [63, 66], [74, 75], [74, 81], [101, 102], [101, 106], [116, 117], [116, 121], [137, 138], [137, 147], [191, 192], [191, 193], [193, 194], [193, 195], [195, 196], [195, 197], [197, 198], [197, 199], [199, 200], [199, 201], [201, 202], [201, 204], [207, -1], [207, 208]]}}}, "cli/utool.py": {"executed_lines": [], "summary": {"covered_lines": 0, "num_statements": 63, "percent_covered": 0.0, "percent_covered_display": "0", "missing_lines": 63, "excluded_lines": 0, "percent_statements_covered": 0.0, "percent_statements_covered_display": "0", "num_branches": 20, "num_partial_branches": 0, "covered_branches": 0, "missing_branches": 20, "percent_branches_covered": 0.0, "percent_branches_covered_display": "0"}, "missing_lines": [2, 3, 4, 5, 7, 10, 12, 13, 14, 16, 19, 21, 22, 23, 24, 25, 27, 28, 30, 31, 33, 36, 38, 39, 40, 41, 42, 44, 47, 49, 51, 54, 56, 57, 58, 60, 61, 62, 63, 64, 65, 66, 67, 70, 71, 72, 73, 76, 79, 80, 83, 84, 85, 89, 91, 92, 93, 94, 95, 96, 98, 101, 102], "excluded_lines": [], "executed_branches": [], "missing_branches": [[13, 14], [13, 16], [22, 23], [22, 27], [30, 31], [30, 33], [39, 40], [39, 44], [56, 57], [56, 60], [62, -54], [62, 63], [91, 92], [91, 93], [93, 94], [93, 95], [95, 96], [95, 98], [101, -1], [101, 102]], "functions": {"list_users": {"executed_lines": [], "summary": {"covered_lines": 0, "num_statements": 4, "percent_covered": 0.0, "percent_covered_display": "0", "missing_lines": 4, "excluded_lines": 0, "percent_statements_covered": 0.0, "percent_statements_covered_display": "0", "num_branches": 2, "num_partial_branches": 0, "covered_branches": 0, "missing_branches": 2, "percent_branches_covered": 0.0, "percent_branches_covered_display": "0"}, "missing_lines": [12, 13, 14, 16], "excluded_lines": [], "executed_branches": [], "missing_branches": [[13, 14], [13, 16]]}, "get_user": {"executed_lines": [], "summary": {"covered_lines": 0, "num_statements": 10, "percent_covered": 0.0, "percent_covered_display": "0", "missing_lines": 10, "excluded_lines": 0, "percent_statements_covered": 0.0, "percent_statements_covered_display": "0", "num_branches": 4, "num_partial_branches": 0, "covered_branches": 0, "missing_branches": 4, "percent_branches_covered": 0.0, "percent_branches_covered_display": "0"}, "missing_lines": [21, 22, 23, 24, 25, 27, 28, 30, 31, 33], "excluded_lines": [], "executed_branches": [], "missing_branches": [[22, 23], [22, 27], [30, 31], [30, 33]]}, "update_user_status": {"executed_lines": [], "summary": {"covered_lines": 0, "num_statements": 6, "percent_covered": 0.0, "percent_covered_display": "0", "missing_lines": 6, "excluded_lines": 0, "percent_statements_covered": 0.0, "percent_statements_covered_display": "0", "num_branches": 2, "num_partial_branches": 0, "covered_branches": 0, "missing_branches": 2, "percent_branches_covered": 0.0, "percent_branches_covered_display": "0"}, "missing_lines": [38, 39, 40, 41, 42, 44], "excluded_lines": [], "executed_branches": [], "missing_branches": [[39, 40], [39, 44]]}, "print_json": {"executed_lines": [], "summary": {"covered_lines": 0, "num_statements": 2, "percent_covered": 0.0, "percent_covered_display": "0", "missing_lines": 2, "excluded_lines": 0, "percent_statements_covered": 0.0, "percent_statements_covered_display": "0", "num_branches": 0, "num_partial_branches": 0, "covered_branches": 0, "missing_branches": 0, "percent_branches_covered": 100.0, "percent_branches_covered_display": "100"}, "missing_lines": [49, 51], "excluded_lines": [], "executed_branches": [], "missing_branches": []}, "print_users": {"executed_lines": [], "summary": {"covered_lines": 0, "num_statements": 11, "percent_covered": 0.0, "percent_covered_display": "0", "missing_lines": 11, "excluded_lines": 0, "percent_statements_covered": 0.0, "percent_statements_covered_display": "0", "num_branches": 4, "num_partial_branches": 0, "covered_branches": 0, "missing_branches": 4, "percent_branches_covered": 0.0, "percent_branches_covered_display": "0"}, "missing_lines": [56, 57, 58, 60, 61, 62, 63, 64, 65, 66, 67], "excluded_lines": [], "executed_branches": [], "missing_branches": [[56, 57], [56, 60], [62, -54], [62, 63]]}, "main": {"executed_lines": [], "summary": {"covered_lines": 0, "num_statements": 17, "percent_covered": 0.0, "percent_covered_display": "0", "missing_lines": 17, "excluded_lines": 0, "percent_statements_covered": 0.0, "percent_statements_covered_display": "0", "num_branches": 6, "num_partial_branches": 0, "covered_branches": 0, "missing_branches": 6, "percent_branches_covered": 0.0, "percent_branches_covered_display": "0"}, "missing_lines": [71, 72, 73, 76, 79, 80, 83, 84, 85, 89, 91, 92, 93, 94, 95, 96, 98], "excluded_lines": [], "executed_branches": [], "missing_branches": [[91, 92], [91, 93], [93, 94], [93, 95], [95, 96], [95, 98]]}, "": {"executed_lines": [], "summary": {"covered_lines": 0, "num_statements": 13, "percent_covered": 0.0, "percent_covered_display": "0", "missing_lines": 13, "excluded_lines": 0, "percent_statements_covered": 0.0, "percent_statements_covered_display": "0", "num_branches": 2, "num_partial_branches": 0, "covered_branches": 0, "missing_branches": 2, "percent_branches_covered": 0.0, "percent_branches_covered_display": "0"}, "missing_lines": [2, 3, 4, 5, 7, 10, 19, 36, 47, 54, 70, 101, 102], "excluded_lines": [], "executed_branches": [], "missing_branches": [[101, -1], [101, 102]]}}, "classes": {"": {"executed_lines": [], "summary": {"covered_lines": 0, "num_statements": 63, "percent_covered": 0.0, "percent_covered_display": "0", "missing_lines": 63, "excluded_lines": 0, "percent_statements_covered": 0.0, "percent_statements_covered_display": "0", "num_branches": 20, "num_partial_branches": 0, "covered_branches": 0, "missing_branches": 20, "percent_branches_covered": 0.0, "percent_branches_covered_display": "0"}, "missing_lines": [2, 3, 4, 5, 7, 10, 12, 13, 14, 16, 19, 21, 22, 23, 24, 25, 27, 28, 30, 31, 33, 36, 38, 39, 40, 41, 42, 44, 47, 49, 51, 54, 56, 57, 58, 60, 61, 62, 63, 64, 65, 66, 67, 70, 71, 72, 73, 76, 79, 80, 83, 84, 85, 89, 91, 92, 93, 94, 95, 96, 98, 101, 102], "excluded_lines": [], "executed_branches": [], "missing_branches": [[13, 14], [13, 16], [22, 23], [22, 27], [30, 31], [30, 33], [39, 40], [39, 44], [56, 57], [56, 60], [62, -54], [62, 63], [91, 92], [91, 93], [93, 94], [93, 95], [95, 96], [95, 98], [101, -1], [101, 102]]}}}, "common/__init__.py": {"executed_lines": [], "summary": {"covered_lines": 0, "num_statements": 0, "percent_covered": 100.0, "percent_covered_display": "100", "missing_lines": 0, "excluded_lines": 0, "percent_statements_covered": 100.0, "percent_statements_covered_display": "100", "num_branches": 0, "num_partial_branches": 0, "covered_branches": 0, "missing_branches": 0, "percent_branches_covered": 100.0, "percent_branches_covered_display": "100"}, "missing_lines": [], "excluded_lines": [], "executed_branches": [], "missing_branches": [], "functions": {"": {"executed_lines": [], "summary": {"covered_lines": 0, "num_statements": 0, "percent_covered": 100.0, "percent_covered_display": "100", "missing_lines": 0, "excluded_lines": 0, "percent_statements_covered": 100.0, "percent_statements_covered_display": "100", "num_branches": 0, "num_partial_branches": 0, "covered_branches": 0, "missing_branches": 0, "percent_branches_covered": 100.0, "percent_branches_covered_display": "100"}, "missing_lines": [], "excluded_lines": [], "executed_branches": [], "missing_branches": []}}, "classes": {"": {"executed_lines": [], "summary": {"covered_lines": 0, "num_statements": 0, "percent_covered": 100.0, "percent_covered_display": "100", "missing_lines": 0, "excluded_lines": 0, "percent_statements_covered": 100.0, "percent_statements_covered_display": "100", "num_branches": 0, "num_partial_branches": 0, "covered_branches": 0, "missing_branches": 0, "percent_branches_covered": 100.0, "percent_branches_covered_display": "100"}, "missing_lines": [], "excluded_lines": [], "executed_branches": [], "missing_branches": []}}}, "common/config.py": {"executed_lines": [1, 20, 21, 22, 23, 25, 26, 28, 29, 32, 33, 35, 39, 42, 48, 52, 56, 57, 58, 66, 67, 68, 76, 84, 123, 240, 272, 316, 323, 385], "summary": {"covered_lines": 28, "num_statements": 140, "percent_covered": 14.43298969072165, "percent_covered_display": "14", "missing_lines": 112, "excluded_lines": 0, "percent_statements_covered": 20.0, "percent_statements_covered_display": "20", "num_branches": 54, "num_partial_branches": 0, "covered_branches": 0, "missing_branches": 54, "percent_branches_covered": 0.0, "percent_branches_covered_display": "0"}, "missing_lines": [60, 61, 62, 63, 64, 70, 71, 72, 73, 74, 105, 107, 108, 109, 110, 112, 113, 114, 115, 116, 120, 137, 139, 142, 172, 184, 185, 187, 188, 190, 193, 194, 196, 199, 200, 204, 205, 207, 208, 211, 212, 213, 217, 218, 220, 221, 224, 225, 228, 229, 234, 235, 237, 258, 259, 262, 264, 266, 267, 268, 269, 290, 291, 293, 294, 296, 297, 298, 299, 300, 301, 302, 303, 304, 306, 307, 308, 309, 310, 311, 312, 319, 320, 336, 338, 346, 347, 348, 351, 352, 354, 355, 361, 363, 364, 365, 370, 371, 372, 377, 378, 379, 380, 382, 397, 398, 399, 400, 401, 402, 403, 404], "excluded_lines": [], "executed_branches": [], "missing_branches": [[60, 61], [60, 62], [62, 63], [62, 64], [70, 71], [70, 72], [72, 73], [72, 74], [107, 108], [107, 112], [108, 109], [108, 110], [112, 113], [112, 120], [187, 188], [187, 224], [190, 193], [190, 196], [199, 200], [199, 211], [204, 205], [204, 207], [211, 187], [211, 212], [212, 211], [212, 213], [217, 218], [217, 220], [224, 225], [224, 228], [228, -123], [228, 229], [234, 235], [234, 237], [258, 259], [258, 262], [290, 291], [290, 293], [293, 294], [293, 296], [346, 347], [346, 370], [347, 348], [347, 351], [352, 354], [352, 363], [354, 355], [354, 361], [371, 372], [371, 377], [377, 378], [377, 379], [379, 380], [379, 382]], "functions": {"Settings.validate_queue_refresh": {"executed_lines": [], "summary": {"covered_lines": 0, "num_statements": 5, "percent_covered": 0.0, "percent_covered_display": "0", "missing_lines": 5, "excluded_lines": 0, "percent_statements_covered": 0.0, "percent_statements_covered_display": "0", "num_branches": 4, "num_partial_branches": 0, "covered_branches": 0, "missing_branches": 4, "percent_branches_covered": 0.0, "percent_branches_covered_display": "0"}, "missing_lines": [60, 61, 62, 63, 64], "excluded_lines": [], "executed_branches": [], "missing_branches": [[60, 61], [60, 62], [62, 63], [62, 64]]}, "Settings.validate_max_retries": {"executed_lines": [], "summary": {"covered_lines": 0, "num_statements": 5, "percent_covered": 0.0, "percent_covered_display": "0", "missing_lines": 5, "excluded_lines": 0, "percent_statements_covered": 0.0, "percent_statements_covered_display": "0", "num_branches": 4, "num_partial_branches": 0, "covered_branches": 0, "missing_branches": 4, "percent_branches_covered": 0.0, "percent_branches_covered_display": "0"}, "missing_lines": [70, 71, 72, 73, 74], "excluded_lines": [], "executed_branches": [], "missing_branches": [[70, 71], [70, 72], [72, 73], [72, 74]]}, "get_env_var": {"executed_lines": [], "summary": {"covered_lines": 0, "num_statements": 11, "percent_covered": 0.0, "percent_covered_display": "0", "missing_lines": 11, "excluded_lines": 0, "percent_statements_covered": 0.0, "percent_statements_covered_display": "0", "num_branches": 6, "num_partial_branches": 0, "covered_branches": 0, "missing_branches": 6, "percent_branches_covered": 0.0, "percent_branches_covered_display": "0"}, "missing_lines": [105, 107, 108, 109, 110, 112, 113, 114, 115, 116, 120], "excluded_lines": [], "executed_branches": [], "missing_branches": [[107, 108], [107, 112], [108, 109], [108, 110], [112, 113], [112, 120]]}, "validate_environment_variables": {"executed_lines": [], "summary": {"covered_lines": 0, "num_statements": 32, "percent_covered": 0.0, "percent_covered_display": "0", "missing_lines": 32, "excluded_lines": 0, "percent_statements_covered": 0.0, "percent_statements_covered_display": "0", "num_branches": 20, "num_partial_branches": 0, "covered_branches": 0, "missing_branches": 20, "percent_branches_covered": 0.0, "percent_branches_covered_display": "0"}, "missing_lines": [137, 139, 142, 172, 184, 185, 187, 188, 190, 193, 194, 196, 199, 200, 204, 205, 207, 208, 211, 212, 213, 217, 218, 220, 221, 224, 225, 228, 229, 234, 235, 237], "excluded_lines": [], "executed_branches": [], "missing_branches": [[187, 188], [187, 224], [190, 193], [190, 196], [199, 200], [199, 211], [204, 205], [204, 207], [211, 187], [211, 212], [212, 211], [212, 213], [217, 218], [217, 220], [224, 225], [224, 228], [228, -123], [228, 229], [234, 235], [234, 237]]}, "get_typed_settings": {"executed_lines": [], "summary": {"covered_lines": 0, "num_statements": 8, "percent_covered": 0.0, "percent_covered_display": "0", "missing_lines": 8, "excluded_lines": 0, "percent_statements_covered": 0.0, "percent_statements_covered_display": "0", "num_branches": 2, "num_partial_branches": 0, "covered_branches": 0, "missing_branches": 2, "percent_branches_covered": 0.0, "percent_branches_covered_display": "0"}, "missing_lines": [258, 259, 262, 264, 266, 267, 268, 269], "excluded_lines": [], "executed_branches": [], "missing_branches": [[258, 259], [258, 262]]}, "get_settings": {"executed_lines": [], "summary": {"covered_lines": 0, "num_statements": 20, "percent_covered": 0.0, "percent_covered_display": "0", "missing_lines": 20, "excluded_lines": 0, "percent_statements_covered": 0.0, "percent_statements_covered_display": "0", "num_branches": 4, "num_partial_branches": 0, "covered_branches": 0, "missing_branches": 4, "percent_branches_covered": 0.0, "percent_branches_covered_display": "0"}, "missing_lines": [290, 291, 293, 294, 296, 297, 298, 299, 300, 301, 302, 303, 304, 306, 307, 308, 309, 310, 311, 312], "excluded_lines": [], "executed_branches": [], "missing_branches": [[290, 291], [290, 293], [293, 294], [293, 296]]}, "_reset_settings_cache": {"executed_lines": [], "summary": {"covered_lines": 0, "num_statements": 2, "percent_covered": 0.0, "percent_covered_display": "0", "missing_lines": 2, "excluded_lines": 0, "percent_statements_covered": 0.0, "percent_statements_covered_display": "0", "num_branches": 0, "num_partial_branches": 0, "covered_branches": 0, "missing_branches": 0, "percent_branches_covered": 100.0, "percent_branches_covered_display": "100"}, "missing_lines": [319, 320], "excluded_lines": [], "executed_branches": [], "missing_branches": []}, "validate_settings": {"executed_lines": [], "summary": {"covered_lines": 0, "num_statements": 21, "percent_covered": 0.0, "percent_covered_display": "0", "missing_lines": 21, "excluded_lines": 0, "percent_statements_covered": 0.0, "percent_statements_covered_display": "0", "num_branches": 14, "num_partial_branches": 0, "covered_branches": 0, "missing_branches": 14, "percent_branches_covered": 0.0, "percent_branches_covered_display": "0"}, "missing_lines": [336, 338, 346, 347, 348, 351, 352, 354, 355, 361, 363, 364, 365, 370, 371, 372, 377, 378, 379, 380, 382], "excluded_lines": [], "executed_branches": [], "missing_branches": [[346, 347], [346, 370], [347, 348], [347, 351], [352, 354], [352, 363], [354, 355], [354, 361], [371, 372], [371, 377], [377, 378], [377, 379], [379, 380], [379, 382]]}, "save_settings": {"executed_lines": [], "summary": {"covered_lines": 0, "num_statements": 8, "percent_covered": 0.0, "percent_covered_display": "0", "missing_lines": 8, "excluded_lines": 0, "percent_statements_covered": 0.0, "percent_statements_covered_display": "0", "num_branches": 0, "num_partial_branches": 0, "covered_branches": 0, "missing_branches": 0, "percent_branches_covered": 100.0, "percent_branches_covered_display": "100"}, "missing_lines": [397, 398, 399, 400, 401, 402, 403, 404], "excluded_lines": [], "executed_branches": [], "missing_branches": []}, "": {"executed_lines": [1, 20, 21, 22, 23, 25, 26, 28, 29, 32, 33, 35, 39, 42, 48, 52, 56, 57, 58, 66, 67, 68, 76, 84, 123, 240, 272, 316, 323, 385], "summary": {"covered_lines": 28, "num_statements": 28, "percent_covered": 100.0, "percent_covered_display": "100", "missing_lines": 0, "excluded_lines": 0, "percent_statements_covered": 100.0, "percent_statements_covered_display": "100", "num_branches": 0, "num_partial_branches": 0, "covered_branches": 0, "missing_branches": 0, "percent_branches_covered": 100.0, "percent_branches_covered_display": "100"}, "missing_lines": [], "excluded_lines": [], "executed_branches": [], "missing_branches": []}}, "classes": {"Settings": {"executed_lines": [], "summary": {"covered_lines": 0, "num_statements": 10, "percent_covered": 0.0, "percent_covered_display": "0", "missing_lines": 10, "excluded_lines": 0, "percent_statements_covered": 0.0, "percent_statements_covered_display": "0", "num_branches": 8, "num_partial_branches": 0, "covered_branches": 0, "missing_branches": 8, "percent_branches_covered": 0.0, "percent_branches_covered_display": "0"}, "missing_lines": [60, 61, 62, 63, 64, 70, 71, 72, 73, 74], "excluded_lines": [], "executed_branches": [], "missing_branches": [[60, 61], [60, 62], [62, 63], [62, 64], [70, 71], [70, 72], [72, 73], [72, 74]]}, "": {"executed_lines": [1, 20, 21, 22, 23, 25, 26, 28, 29, 32, 33, 35, 39, 42, 48, 52, 56, 57, 58, 66, 67, 68, 76, 84, 123, 240, 272, 316, 323, 385], "summary": {"covered_lines": 28, "num_statements": 130, "percent_covered": 15.909090909090908, "percent_covered_display": "16", "missing_lines": 102, "excluded_lines": 0, "percent_statements_covered": 21.53846153846154, "percent_statements_covered_display": "22", "num_branches": 46, "num_partial_branches": 0, "covered_branches": 0, "missing_branches": 46, "percent_branches_covered": 0.0, "percent_branches_covered_display": "0"}, "missing_lines": [105, 107, 108, 109, 110, 112, 113, 114, 115, 116, 120, 137, 139, 142, 172, 184, 185, 187, 188, 190, 193, 194, 196, 199, 200, 204, 205, 207, 208, 211, 212, 213, 217, 218, 220, 221, 224, 225, 228, 229, 234, 235, 237, 258, 259, 262, 264, 266, 267, 268, 269, 290, 291, 293, 294, 296, 297, 298, 299, 300, 301, 302, 303, 304, 306, 307, 308, 309, 310, 311, 312, 319, 320, 336, 338, 346, 347, 348, 351, 352, 354, 355, 361, 363, 364, 365, 370, 371, 372, 377, 378, 379, 380, 382, 397, 398, 399, 400, 401, 402, 403, 404], "excluded_lines": [], "executed_branches": [], "missing_branches": [[107, 108], [107, 112], [108, 109], [108, 110], [112, 113], [112, 120], [187, 188], [187, 224], [190, 193], [190, 196], [199, 200], [199, 211], [204, 205], [204, 207], [211, 187], [211, 212], [212, 211], [212, 213], [217, 218], [217, 220], [224, 225], [224, 228], [228, -123], [228, 229], [234, 235], [234, 237], [258, 259], [258, 262], [290, 291], [290, 293], [293, 294], [293, 296], [346, 347], [346, 370], [347, 348], [347, 351], [352, 354], [352, 363], [354, 355], [354, 361], [371, 372], [371, 377], [377, 378], [377, 379], [379, 380], [379, 382]]}}}, "common/exceptions.py": {"executed_lines": [], "summary": {"covered_lines": 0, "num_statements": 47, "percent_covered": 0.0, "percent_covered_display": "0", "missing_lines": 47, "excluded_lines": 0, "percent_statements_covered": 0.0, "percent_statements_covered_display": "0", "num_branches": 18, "num_partial_branches": 0, "covered_branches": 0, "missing_branches": 18, "percent_branches_covered": 0.0, "percent_branches_covered_display": "0"}, "missing_lines": [7, 10, 24, 34, 35, 36, 37, 39, 41, 42, 43, 44, 47, 57, 72, 73, 74, 75, 78, 87, 102, 103, 104, 105, 108, 118, 133, 134, 135, 136, 139, 148, 165, 166, 167, 168, 169, 170, 173, 183, 200, 201, 202, 203, 204, 205, 206], "excluded_lines": [], "executed_branches": [], "missing_branches": [[41, 42], [41, 44], [72, 73], [72, 75], [102, 103], [102, 105], [133, 134], [133, 136], [165, 166], [165, 170], [168, 169], [168, 170], [200, 201], [200, 206], [202, 203], [202, 204], [204, 205], [204, 206]], "functions": {"BrocaError.__init__": {"executed_lines": [], "summary": {"covered_lines": 0, "num_statements": 4, "percent_covered": 0.0, "percent_covered_display": "0", "missing_lines": 4, "excluded_lines": 0, "percent_statements_covered": 0.0, "percent_statements_covered_display": "0", "num_branches": 0, "num_partial_branches": 0, "covered_branches": 0, "missing_branches": 0, "percent_branches_covered": 100.0, "percent_branches_covered_display": "100"}, "missing_lines": [34, 35, 36, 37], "excluded_lines": [], "executed_branches": [], "missing_branches": []}, "BrocaError.__str__": {"executed_lines": [], "summary": {"covered_lines": 0, "num_statements": 4, "percent_covered": 0.0, "percent_covered_display": "0", "missing_lines": 4, "excluded_lines": 0, "percent_statements_covered": 0.0, "percent_statements_covered_display": "0", "num_branches": 2, "num_partial_branches": 0, "covered_branches": 0, "missing_branches": 2, "percent_branches_covered": 0.0, "percent_branches_covered_display": "0"}, "missing_lines": [41, 42, 43, 44], "excluded_lines": [], "executed_branches": [], "missing_branches": [[41, 42], [41, 44]]}, "PluginError.__init__": {"executed_lines": [], "summary": {"covered_lines": 0, "num_statements": 4, "percent_covered": 0.0, "percent_covered_display": "0", "missing_lines": 4, "excluded_lines": 0, "percent_statements_covered": 0.0, "percent_statements_covered_display": "0", "num_branches": 2, "num_partial_branches": 0, "covered_branches": 0, "missing_branches": 2, "percent_branches_covered": 0.0, "percent_branches_covered_display": "0"}, "missing_lines": [72, 73, 74, 75], "excluded_lines": [], "executed_branches": [], "missing_branches": [[72, 73], [72, 75]]}, "ConfigurationError.__init__": {"executed_lines": [], "summary": {"covered_lines": 0, "num_statements": 4, "percent_covered": 0.0, "percent_covered_display": "0", "missing_lines": 4, "excluded_lines": 0, "percent_statements_covered": 0.0, "percent_statements_covered_display": "0", "num_branches": 2, "num_partial_branches": 0, "covered_branches": 0, "missing_branches": 2, "percent_branches_covered": 0.0, "percent_branches_covered_display": "0"}, "missing_lines": [102, 103, 104, 105], "excluded_lines": [], "executed_branches": [], "missing_branches": [[102, 103], [102, 105]]}, "DatabaseError.__init__": {"executed_lines": [], "summary": {"covered_lines": 0, "num_statements": 4, "percent_covered": 0.0, "percent_covered_display": "0", "missing_lines": 4, "excluded_lines": 0, "percent_statements_covered": 0.0, "percent_statements_covered_display": "0", "num_branches": 2, "num_partial_branches": 0, "covered_branches": 0, "missing_branches": 2, "percent_branches_covered": 0.0, "percent_branches_covered_display": "0"}, "missing_lines": [133, 134, 135, 136], "excluded_lines": [], "executed_branches": [], "missing_branches": [[133, 134], [133, 136]]}, "ValidationError.__init__": {"executed_lines": [], "summary": {"covered_lines": 0, "num_statements": 6, "percent_covered": 0.0, "percent_covered_display": "0", "missing_lines": 6, "excluded_lines": 0, "percent_statements_covered": 0.0, "percent_statements_covered_display": "0", "num_branches": 4, "num_partial_branches": 0, "covered_branches": 0, "missing_branches": 4, "percent_branches_covered": 0.0, "percent_branches_covered_display": "0"}, "missing_lines": [165, 166, 167, 168, 169, 170], "excluded_lines": [], "executed_branches": [], "missing_branches": [[165, 166], [165, 170], [168, 169], [168, 170]]}, "NetworkError.__init__": {"executed_lines": [], "summary": {"covered_lines": 0, "num_statements": 7, "percent_covered": 0.0, "percent_covered_display": "0", "missing_lines": 7, "excluded_lines": 0, "percent_statements_covered": 0.0, "percent_statements_covered_display": "0", "num_branches": 6, "num_partial_branches": 0, "covered_branches": 0, "missing_branches": 6, "percent_branches_covered": 0.0, "percent_branches_covered_display": "0"}, "missing_lines": [200, 201, 202, 203, 204, 205, 206], "excluded_lines": [], "executed_branches": [], "missing_branches": [[200, 201], [200, 206], [202, 203], [202, 204], [204, 205], [204, 206]]}, "": {"executed_lines": [], "summary": {"covered_lines": 0, "num_statements": 14, "percent_covered": 0.0, "percent_covered_display": "0", "missing_lines": 14, "excluded_lines": 0, "percent_statements_covered": 0.0, "percent_statements_covered_display": "0", "num_branches": 0, "num_partial_branches": 0, "covered_branches": 0, "missing_branches": 0, "percent_branches_covered": 100.0, "percent_branches_covered_display": "100"}, "missing_lines": [7, 10, 24, 39, 47, 57, 78, 87, 108, 118, 139, 148, 173, 183], "excluded_lines": [], "executed_branches": [], "missing_branches": []}}, "classes": {"BrocaError": {"executed_lines": [], "summary": {"covered_lines": 0, "num_statements": 8, "percent_covered": 0.0, "percent_covered_display": "0", "missing_lines": 8, "excluded_lines": 0, "percent_statements_covered": 0.0, "percent_statements_covered_display": "0", "num_branches": 2, "num_partial_branches": 0, "covered_branches": 0, "missing_branches": 2, "percent_branches_covered": 0.0, "percent_branches_covered_display": "0"}, "missing_lines": [34, 35, 36, 37, 41, 42, 43, 44], "excluded_lines": [], "executed_branches": [], "missing_branches": [[41, 42], [41, 44]]}, "PluginError": {"executed_lines": [], "summary": {"covered_lines": 0, "num_statements": 4, "percent_covered": 0.0, "percent_covered_display": "0", "missing_lines": 4, "excluded_lines": 0, "percent_statements_covered": 0.0, "percent_statements_covered_display": "0", "num_branches": 2, "num_partial_branches": 0, "covered_branches": 0, "missing_branches": 2, "percent_branches_covered": 0.0, "percent_branches_covered_display": "0"}, "missing_lines": [72, 73, 74, 75], "excluded_lines": [], "executed_branches": [], "missing_branches": [[72, 73], [72, 75]]}, "ConfigurationError": {"executed_lines": [], "summary": {"covered_lines": 0, "num_statements": 4, "percent_covered": 0.0, "percent_covered_display": "0", "missing_lines": 4, "excluded_lines": 0, "percent_statements_covered": 0.0, "percent_statements_covered_display": "0", "num_branches": 2, "num_partial_branches": 0, "covered_branches": 0, "missing_branches": 2, "percent_branches_covered": 0.0, "percent_branches_covered_display": "0"}, "missing_lines": [102, 103, 104, 105], "excluded_lines": [], "executed_branches": [], "missing_branches": [[102, 103], [102, 105]]}, "DatabaseError": {"executed_lines": [], "summary": {"covered_lines": 0, "num_statements": 4, "percent_covered": 0.0, "percent_covered_display": "0", "missing_lines": 4, "excluded_lines": 0, "percent_statements_covered": 0.0, "percent_statements_covered_display": "0", "num_branches": 2, "num_partial_branches": 0, "covered_branches": 0, "missing_branches": 2, "percent_branches_covered": 0.0, "percent_branches_covered_display": "0"}, "missing_lines": [133, 134, 135, 136], "excluded_lines": [], "executed_branches": [], "missing_branches": [[133, 134], [133, 136]]}, "ValidationError": {"executed_lines": [], "summary": {"covered_lines": 0, "num_statements": 6, "percent_covered": 0.0, "percent_covered_display": "0", "missing_lines": 6, "excluded_lines": 0, "percent_statements_covered": 0.0, "percent_statements_covered_display": "0", "num_branches": 4, "num_partial_branches": 0, "covered_branches": 0, "missing_branches": 4, "percent_branches_covered": 0.0, "percent_branches_covered_display": "0"}, "missing_lines": [165, 166, 167, 168, 169, 170], "excluded_lines": [], "executed_branches": [], "missing_branches": [[165, 166], [165, 170], [168, 169], [168, 170]]}, "NetworkError": {"executed_lines": [], "summary": {"covered_lines": 0, "num_statements": 7, "percent_covered": 0.0, "percent_covered_display": "0", "missing_lines": 7, "excluded_lines": 0, "percent_statements_covered": 0.0, "percent_statements_covered_display": "0", "num_branches": 6, "num_partial_branches": 0, "covered_branches": 0, "missing_branches": 6, "percent_branches_covered": 0.0, "percent_branches_covered_display": "0"}, "missing_lines": [200, 201, 202, 203, 204, 205, 206], "excluded_lines": [], "executed_branches": [], "missing_branches": [[200, 201], [200, 206], [202, 203], [202, 204], [204, 205], [204, 206]]}, "": {"executed_lines": [], "summary": {"covered_lines": 0, "num_statements": 14, "percent_covered": 0.0, "percent_covered_display": "0", "missing_lines": 14, "excluded_lines": 0, "percent_statements_covered": 0.0, "percent_statements_covered_display": "0", "num_branches": 0, "num_partial_branches": 0, "covered_branches": 0, "missing_branches": 0, "percent_branches_covered": 100.0, "percent_branches_covered_display": "100"}, "missing_lines": [7, 10, 24, 39, 47, 57, 78, 87, 108, 118, 139, 148, 173, 183], "excluded_lines": [], "executed_branches": [], "missing_branches": []}}}, "common/logging.py": {"executed_lines": [], "summary": {"covered_lines": 0, "num_statements": 65, "percent_covered": 0.0, "percent_covered_display": "0", "missing_lines": 65, "excluded_lines": 0, "percent_statements_covered": 0.0, "percent_statements_covered_display": "0", "num_branches": 28, "num_partial_branches": 0, "covered_branches": 0, "missing_branches": 28, "percent_branches_covered": 0.0, "percent_branches_covered_display": "0"}, "missing_lines": [3, 4, 5, 7, 10, 14, 39, 41, 43, 44, 49, 50, 51, 52, 53, 54, 55, 58, 60, 61, 63, 66, 69, 77, 79, 80, 81, 82, 85, 93, 95, 96, 103, 106, 109, 112, 115, 116, 121, 126, 129, 132, 133, 136, 137, 138, 141, 150, 153, 163, 164, 166, 167, 168, 170, 173, 185, 186, 198, 199, 200, 201, 202, 204, 206], "excluded_lines": [], "executed_branches": [], "missing_branches": [[41, 43], [41, 49], [43, 44], [43, 49], [49, 50], [49, 63], [51, 52], [51, 61], [52, 53], [52, 60], [54, 55], [54, 58], [80, 81], [80, 82], [93, 95], [93, 106], [115, 116], [115, 121], [163, 164], [163, 166], [167, 168], [167, 170], [185, 186], [185, 198], [199, 200], [199, 206], [201, 202], [201, 204]], "functions": {"SensitiveDataFilter.filter": {"executed_lines": [], "summary": {"covered_lines": 0, "num_statements": 14, "percent_covered": 0.0, "percent_covered_display": "0", "missing_lines": 14, "excluded_lines": 0, "percent_statements_covered": 0.0, "percent_statements_covered_display": "0", "num_branches": 12, "num_partial_branches": 0, "covered_branches": 0, "missing_branches": 12, "percent_branches_covered": 0.0, "percent_branches_covered_display": "0"}, "missing_lines": [41, 43, 44, 49, 50, 51, 52, 53, 54, 55, 58, 60, 61, 63], "excluded_lines": [], "executed_branches": [], "missing_branches": [[41, 43], [41, 49], [43, 44], [43, 49], [49, 50], [49, 63], [51, 52], [51, 61], [52, 53], [52, 60], [54, 55], [54, 58]]}, "EmojiFormatter.format": {"executed_lines": [], "summary": {"covered_lines": 0, "num_statements": 4, "percent_covered": 0.0, "percent_covered_display": "0", "missing_lines": 4, "excluded_lines": 0, "percent_statements_covered": 0.0, "percent_statements_covered_display": "0", "num_branches": 2, "num_partial_branches": 0, "covered_branches": 0, "missing_branches": 2, "percent_branches_covered": 0.0, "percent_branches_covered_display": "0"}, "missing_lines": [79, 80, 81, 82], "excluded_lines": [], "executed_branches": [], "missing_branches": [[80, 81], [80, 82]]}, "setup_logging": {"executed_lines": [], "summary": {"covered_lines": 0, "num_statements": 17, "percent_covered": 0.0, "percent_covered_display": "0", "missing_lines": 17, "excluded_lines": 0, "percent_statements_covered": 0.0, "percent_statements_covered_display": "0", "num_branches": 4, "num_partial_branches": 0, "covered_branches": 0, "missing_branches": 4, "percent_branches_covered": 0.0, "percent_branches_covered_display": "0"}, "missing_lines": [93, 95, 96, 103, 106, 109, 112, 115, 116, 121, 126, 129, 132, 133, 136, 137, 138], "excluded_lines": [], "executed_branches": [], "missing_branches": [[93, 95], [93, 106], [115, 116], [115, 121]]}, "get_logger": {"executed_lines": [], "summary": {"covered_lines": 0, "num_statements": 1, "percent_covered": 0.0, "percent_covered_display": "0", "missing_lines": 1, "excluded_lines": 0, "percent_statements_covered": 0.0, "percent_statements_covered_display": "0", "num_branches": 0, "num_partial_branches": 0, "covered_branches": 0, "missing_branches": 0, "percent_branches_covered": 100.0, "percent_branches_covered_display": "100"}, "missing_lines": [150], "excluded_lines": [], "executed_branches": [], "missing_branches": []}, "log_safe_value": {"executed_lines": [], "summary": {"covered_lines": 0, "num_statements": 6, "percent_covered": 0.0, "percent_covered_display": "0", "missing_lines": 6, "excluded_lines": 0, "percent_statements_covered": 0.0, "percent_statements_covered_display": "0", "num_branches": 4, "num_partial_branches": 0, "covered_branches": 0, "missing_branches": 4, "percent_branches_covered": 0.0, "percent_branches_covered_display": "0"}, "missing_lines": [163, 164, 166, 167, 168, 170], "excluded_lines": [], "executed_branches": [], "missing_branches": [[163, 164], [163, 166], [167, 168], [167, 170]]}, "log_safe_dict": {"executed_lines": [], "summary": {"covered_lines": 0, "num_statements": 9, "percent_covered": 0.0, "percent_covered_display": "0", "missing_lines": 9, "excluded_lines": 0, "percent_statements_covered": 0.0, "percent_statements_covered_display": "0", "num_branches": 6, "num_partial_branches": 0, "covered_branches": 0, "missing_branches": 6, "percent_branches_covered": 0.0, "percent_branches_covered_display": "0"}, "missing_lines": [185, 186, 198, 199, 200, 201, 202, 204, 206], "excluded_lines": [], "executed_branches": [], "missing_branches": [[185, 186], [185, 198], [199, 200], [199, 206], [201, 202], [201, 204]]}, "": {"executed_lines": [], "summary": {"covered_lines": 0, "num_statements": 14, "percent_covered": 0.0, "percent_covered_display": "0", "missing_lines": 14, "excluded_lines": 0, "percent_statements_covered": 0.0, "percent_statements_covered_display": "0", "num_branches": 0, "num_partial_branches": 0, "covered_branches": 0, "missing_branches": 0, "percent_branches_covered": 100.0, "percent_branches_covered_display": "100"}, "missing_lines": [3, 4, 5, 7, 10, 14, 39, 66, 69, 77, 85, 141, 153, 173], "excluded_lines": [], "executed_branches": [], "missing_branches": []}}, "classes": {"SensitiveDataFilter": {"executed_lines": [], "summary": {"covered_lines": 0, "num_statements": 14, "percent_covered": 0.0, "percent_covered_display": "0", "missing_lines": 14, "excluded_lines": 0, "percent_statements_covered": 0.0, "percent_statements_covered_display": "0", "num_branches": 12, "num_partial_branches": 0, "covered_branches": 0, "missing_branches": 12, "percent_branches_covered": 0.0, "percent_branches_covered_display": "0"}, "missing_lines": [41, 43, 44, 49, 50, 51, 52, 53, 54, 55, 58, 60, 61, 63], "excluded_lines": [], "executed_branches": [], "missing_branches": [[41, 43], [41, 49], [43, 44], [43, 49], [49, 50], [49, 63], [51, 52], [51, 61], [52, 53], [52, 60], [54, 55], [54, 58]]}, "EmojiFormatter": {"executed_lines": [], "summary": {"covered_lines": 0, "num_statements": 4, "percent_covered": 0.0, "percent_covered_display": "0", "missing_lines": 4, "excluded_lines": 0, "percent_statements_covered": 0.0, "percent_statements_covered_display": "0", "num_branches": 2, "num_partial_branches": 0, "covered_branches": 0, "missing_branches": 2, "percent_branches_covered": 0.0, "percent_branches_covered_display": "0"}, "missing_lines": [79, 80, 81, 82], "excluded_lines": [], "executed_branches": [], "missing_branches": [[80, 81], [80, 82]]}, "": {"executed_lines": [], "summary": {"covered_lines": 0, "num_statements": 47, "percent_covered": 0.0, "percent_covered_display": "0", "missing_lines": 47, "excluded_lines": 0, "percent_statements_covered": 0.0, "percent_statements_covered_display": "0", "num_branches": 14, "num_partial_branches": 0, "covered_branches": 0, "missing_branches": 14, "percent_branches_covered": 0.0, "percent_branches_covered_display": "0"}, "missing_lines": [3, 4, 5, 7, 10, 14, 39, 66, 69, 77, 85, 93, 95, 96, 103, 106, 109, 112, 115, 116, 121, 126, 129, 132, 133, 136, 137, 138, 141, 150, 153, 163, 164, 166, 167, 168, 170, 173, 185, 186, 198, 199, 200, 201, 202, 204, 206], "excluded_lines": [], "executed_branches": [], "missing_branches": [[93, 95], [93, 106], [115, 116], [115, 121], [163, 164], [163, 166], [167, 168], [167, 170], [185, 186], [185, 198], [199, 200], [199, 206], [201, 202], [201, 204]]}}}, "common/retry.py": {"executed_lines": [1, 20, 21, 22, 23, 24, 26, 28, 31, 32, 34, 51, 52, 53, 54, 55, 58, 59, 61, 64, 65, 67, 87, 106, 111, 120, 198, 235, 260], "summary": {"covered_lines": 25, "num_statements": 88, "percent_covered": 20.833333333333332, "percent_covered_display": "21", "missing_lines": 63, "excluded_lines": 0, "percent_statements_covered": 28.40909090909091, "percent_statements_covered_display": "28", "num_branches": 32, "num_partial_branches": 0, "covered_branches": 0, "missing_branches": 32, "percent_branches_covered": 0.0, "percent_branches_covered_display": "0"}, "missing_lines": [80, 81, 82, 83, 84, 85, 89, 90, 92, 93, 94, 97, 98, 99, 101, 104, 108, 109, 113, 114, 116, 117, 141, 142, 144, 146, 147, 149, 151, 152, 154, 155, 157, 158, 159, 161, 163, 164, 165, 168, 169, 172, 173, 177, 180, 186, 187, 188, 190, 195, 208, 215, 216, 219, 220, 232, 244, 245, 247, 255, 269, 271, 279], "excluded_lines": [], "executed_branches": [], "missing_branches": [[89, 90], [89, 92], [92, 93], [92, 104], [93, 94], [93, 97], [97, 98], [97, 101], [116, -111], [116, 117], [141, 142], [141, 144], [144, 146], [144, 149], [149, -120], [149, 151], [151, 152], [151, 154], [157, 158], [157, 159], [163, 164], [163, 168], [168, 169], [168, 172], [172, 173], [172, 180], [186, 187], [186, 190], [215, 216], [215, 219], [269, 271], [269, 279]], "functions": {"RetryConfig.__init__": {"executed_lines": [51, 52, 53, 54, 55], "summary": {"covered_lines": 5, "num_statements": 5, "percent_covered": 100.0, "percent_covered_display": "100", "missing_lines": 0, "excluded_lines": 0, "percent_statements_covered": 100.0, "percent_statements_covered_display": "100", "num_branches": 0, "num_partial_branches": 0, "covered_branches": 0, "missing_branches": 0, "percent_branches_covered": 100.0, "percent_branches_covered_display": "100"}, "missing_lines": [], "excluded_lines": [], "executed_branches": [], "missing_branches": []}, "CircuitBreaker.__init__": {"executed_lines": [], "summary": {"covered_lines": 0, "num_statements": 6, "percent_covered": 0.0, "percent_covered_display": "0", "missing_lines": 6, "excluded_lines": 0, "percent_statements_covered": 0.0, "percent_statements_covered_display": "0", "num_branches": 0, "num_partial_branches": 0, "covered_branches": 0, "missing_branches": 0, "percent_branches_covered": 100.0, "percent_branches_covered_display": "100"}, "missing_lines": [80, 81, 82, 83, 84, 85], "excluded_lines": [], "executed_branches": [], "missing_branches": []}, "CircuitBreaker.can_execute": {"executed_lines": [], "summary": {"covered_lines": 0, "num_statements": 10, "percent_covered": 0.0, "percent_covered_display": "0", "missing_lines": 10, "excluded_lines": 0, "percent_statements_covered": 0.0, "percent_statements_covered_display": "0", "num_branches": 8, "num_partial_branches": 0, "covered_branches": 0, "missing_branches": 8, "percent_branches_covered": 0.0, "percent_branches_covered_display": "0"}, "missing_lines": [89, 90, 92, 93, 94, 97, 98, 99, 101, 104], "excluded_lines": [], "executed_branches": [], "missing_branches": [[89, 90], [89, 92], [92, 93], [92, 104], [93, 94], [93, 97], [97, 98], [97, 101]]}, "CircuitBreaker.record_success": {"executed_lines": [], "summary": {"covered_lines": 0, "num_statements": 2, "percent_covered": 0.0, "percent_covered_display": "0", "missing_lines": 2, "excluded_lines": 0, "percent_statements_covered": 0.0, "percent_statements_covered_display": "0", "num_branches": 0, "num_partial_branches": 0, "covered_branches": 0, "missing_branches": 0, "percent_branches_covered": 100.0, "percent_branches_covered_display": "100"}, "missing_lines": [108, 109], "excluded_lines": [], "executed_branches": [], "missing_branches": []}, "CircuitBreaker.record_failure": {"executed_lines": [], "summary": {"covered_lines": 0, "num_statements": 4, "percent_covered": 0.0, "percent_covered_display": "0", "missing_lines": 4, "excluded_lines": 0, "percent_statements_covered": 0.0, "percent_statements_covered_display": "0", "num_branches": 2, "num_partial_branches": 0, "covered_branches": 0, "missing_branches": 2, "percent_branches_covered": 0.0, "percent_branches_covered_display": "0"}, "missing_lines": [113, 114, 116, 117], "excluded_lines": [], "executed_branches": [], "missing_branches": [[116, -111], [116, 117]]}, "exponential_backoff": {"executed_lines": [], "summary": {"covered_lines": 0, "num_statements": 27, "percent_covered": 0.0, "percent_covered_display": "0", "missing_lines": 27, "excluded_lines": 0, "percent_statements_covered": 0.0, "percent_statements_covered_display": "0", "num_branches": 18, "num_partial_branches": 0, "covered_branches": 0, "missing_branches": 18, "percent_branches_covered": 0.0, "percent_branches_covered_display": "0"}, "missing_lines": [141, 142, 144, 146, 149, 151, 152, 154, 155, 157, 158, 159, 161, 163, 164, 165, 168, 169, 172, 173, 177, 180, 186, 187, 188, 190, 195], "excluded_lines": [], "executed_branches": [], "missing_branches": [[141, 142], [141, 144], [144, 146], [144, 149], [149, -120], [149, 151], [151, 152], [151, 154], [157, 158], [157, 159], [163, 164], [163, 168], [168, 169], [168, 172], [172, 173], [172, 180], [186, 187], [186, 190]]}, "exponential_backoff.retry_on_exception": {"executed_lines": [], "summary": {"covered_lines": 0, "num_statements": 1, "percent_covered": 0.0, "percent_covered_display": "0", "missing_lines": 1, "excluded_lines": 0, "percent_statements_covered": 0.0, "percent_statements_covered_display": "0", "num_branches": 0, "num_partial_branches": 0, "covered_branches": 0, "missing_branches": 0, "percent_branches_covered": 100.0, "percent_branches_covered_display": "100"}, "missing_lines": [147], "excluded_lines": [], "executed_branches": [], "missing_branches": []}, "is_retryable_exception": {"executed_lines": [], "summary": {"covered_lines": 0, "num_statements": 6, "percent_covered": 0.0, "percent_covered
[...]
], "executed_branches": [], "missing_branches": []}, "test_application_stop": {"executed_lines": [], "summary": {"covered_lines": 0, "num_statements": 7, "percent_covered": 0.0, "percent_covered_display": "0", "missing_lines": 7, "excluded_lines": 0, "percent_statements_covered": 0.0, "percent_statements_covered_display": "0", "num_branches": 0, "num_partial_branches": 0, "covered_branches": 0, "missing_branches": 0, "percent_branches_covered": 100.0, "percent_branches_covered_display": "100"}, "missing_lines": [170, 173, 174, 175, 177, 178, 180], "excluded_lines": [], "executed_branches": [], "missing_branches": []}, "": {"executed_lines": [], "summary": {"covered_lines": 0, "num_statements": 26, "percent_covered": 0.0, "percent_covered_display": "0", "missing_lines": 26, "excluded_lines": 0, "percent_statements_covered": 0.0, "percent_statements_covered_display": "0", "num_branches": 0, "num_partial_branches": 0, "covered_branches": 0, "missing_branches": 0, "percent_branches_covered": 100.0, "percent_branches_covered_display": "100"}, "missing_lines": [3, 4, 6, 8, 11, 12, 32, 33, 54, 55, 69, 70, 88, 89, 105, 106, 122, 123, 135, 136, 149, 150, 151, 166, 167, 168], "excluded_lines": [], "executed_branches": [], "missing_branches": []}}, "classes": {"": {"executed_lines": [], "summary": {"covered_lines": 0, "num_statements": 98, "percent_covered": 0.0, "percent_covered_display": "0", "missing_lines": 98, "excluded_lines": 0, "percent_statements_covered": 0.0, "percent_statements_covered_display": "0", "num_branches": 0, "num_partial_branches": 0, "covered_branches": 0, "missing_branches": 0, "percent_branches_covered": 100.0, "percent_branches_covered_display": "100"}, "missing_lines": [3, 4, 6, 8, 11, 12, 14, 19, 20, 22, 24, 26, 27, 28, 29, 32, 33, 35, 44, 45, 47, 50, 51, 54, 55, 57, 58, 60, 62, 65, 66, 69, 70, 72, 74, 77, 78, 80, 81, 82, 83, 84, 85, 88, 89, 91, 92, 94, 96, 99, 100, 101, 102, 105, 106, 108, 109, 111, 113, 116, 117, 118, 119, 122, 123, 125, 127, 128, 131, 132, 135, 136, 138, 141, 143, 144, 145, 146, 149, 150, 151, 153, 156, 157, 158, 160, 161, 163, 166, 167, 168, 170, 173, 174, 175, 177, 178, 180], "excluded_lines": [], "executed_branches": [], "missing_branches": []}}}, "tests/unit/test_main_focused.py": {"executed_lines": [], "summary": {"covered_lines": 0, "num_statements": 150, "percent_covered": 0.0, "percent_covered_display": "0", "missing_lines": 150, "excluded_lines": 0, "percent_statements_covered": 0.0, "percent_statements_covered_display": "0", "num_branches": 2, "num_partial_branches": 0, "covered_branches": 0, "missing_branches": 2, "percent_branches_covered": 0.0, "percent_branches_covered_display": "0"}, "missing_lines": [3, 4, 5, 7, 9, 12, 15, 17, 20, 21, 23, 25, 28, 29, 30, 32, 34, 37, 39, 40, 43, 45, 47, 50, 53, 54, 56, 57, 58, 59, 61, 63, 66, 67, 69, 71, 73, 74, 75, 76, 78, 80, 83, 84, 88, 89, 90, 92, 95, 99, 100, 105, 107, 109, 112, 113, 115, 118, 121, 123, 125, 128, 129, 131, 134, 135, 137, 139, 143, 144, 146, 148, 151, 153, 155, 162, 165, 167, 169, 172, 173, 175, 177, 180, 183, 185, 196, 198, 200, 201, 202, 203, 204, 205, 206, 208, 210, 229, 231, 234, 235, 238, 240, 241, 243, 244, 267, 269, 273, 277, 279, 280, 282, 293, 295, 297, 298, 300, 301, 302, 304, 305, 307, 318, 320, 322, 323, 324, 328, 330, 341, 343, 345, 346, 348, 349, 351, 352, 354, 356, 367, 369, 371, 372, 374, 376, 387, 389, 390, 393], "excluded_lines": [], "executed_branches": [], "missing_branches": [[99, 100], [99, 105]], "functions": {"TestMainFocused.test_create_default_settings_file_exists": {"executed_lines": [], "summary": {"covered_lines": 0, "num_statements": 3, "percent_covered": 0.0, "percent_covered_display": "0", "missing_lines": 3, "excluded_lines": 0, "percent_statements_covered": 0.0, "percent_statements_covered_display": "0", "num_branches": 0, "num_partial_branches": 0, "covered_branches": 0, "missing_branches": 0, "percent_branches_covered": 100.0, "percent_branches_covered_display": "100"}, "missing_lines": [17, 20, 21], "excluded_lines": [], "executed_branches": [], "missing_branches": []}, "TestMainFocused.test_create_default_settings_file_not_exists": {"executed_lines": [], "summary": {"covered_lines": 0, "num_statements": 4, "percent_covered": 0.0, "percent_covered_display": "0", "missing_lines": 4, "excluded_lines": 0, "percent_statements_covered": 0.0, "percent_statements_covered_display": "0", "num_branches": 0, "num_partial_branches": 0, "covered_branches": 0, "missing_branches": 0, "percent_branches_covered": 100.0, "percent_branches_covered_display": "100"}, "missing_lines": [25, 28, 29, 30], "excluded_lines": [], "executed_branches": [], "missing_branches": []}, "TestMainFocused.test_create_default_settings_with_logging": {"executed_lines": [], "summary": {"covered_lines": 0, "num_statements": 5, "percent_covered": 0.0, "percent_covered_display": "0", "missing_lines": 5, "excluded_lines": 0, "percent_statements_covered": 0.0, "percent_statements_covered_display": "0", "num_branches": 0, "num_partial_branches": 0, "covered_branches": 0, "missing_branches": 0, "percent_branches_covered": 100.0, "percent_branches_covered_display": "100"}, "missing_lines": [34, 37, 39, 40, 43], "excluded_lines": [], "executed_branches": [], "missing_branches": []}, "TestMainFocused.test_create_default_settings_default_values": {"executed_lines": [], "summary": {"covered_lines": 0, "num_statements": 8, "percent_covered": 0.0, "percent_covered_display": "0", "missing_lines": 8, "excluded_lines": 0, "percent_statements_covered": 0.0, "percent_statements_covered_display": "0", "num_branches": 0, "num_partial_branches": 0, "covered_branches": 0, "missing_branches": 0, "percent_branches_covered": 100.0, "percent_branches_covered_display": "100"}, "missing_lines": [47, 50, 53, 54, 56, 57, 58, 59], "excluded_lines": [], "executed_branches": [], "missing_branches": []}, "TestMainFocused.test_main_function_success": {"executed_lines": [], "summary": {"covered_lines": 0, "num_statements": 9, "percent_covered": 0.0, "percent_covered_display": "0", "missing_lines": 9, "excluded_lines": 0, "percent_statements_covered": 0.0, "percent_statements_covered_display": "0", "num_branches": 0, "num_partial_branches": 0, "covered_branches": 0, "missing_branches": 0, "percent_branches_covered": 100.0, "percent_branches_covered_display": "100"}, "missing_lines": [63, 66, 67, 69, 71, 73, 74, 75, 76], "excluded_lines": [], "executed_branches": [], "missing_branches": []}, "TestMainFocused.test_main_function_keyboard_interrupt": {"executed_lines": [], "summary": {"covered_lines": 0, "num_statements": 11, "percent_covered": 0.0, "percent_covered_display": "0", "missing_lines": 11, "excluded_lines": 0, "percent_statements_covered": 0.0, "percent_statements_covered_display": "0", "num_branches": 2, "num_partial_branches": 0, "covered_branches": 0, "missing_branches": 2, "percent_branches_covered": 0.0, "percent_branches_covered_display": "0"}, "missing_lines": [80, 83, 84, 88, 89, 90, 92, 95, 99, 100, 105], "excluded_lines": [], "executed_branches": [], "missing_branches": [[99, 100], [99, 105]]}, "TestMainFocused.test_main_function_exception": {"executed_lines": [], "summary": {"covered_lines": 0, "num_statements": 6, "percent_covered": 0.0, "percent_covered_display": "0", "missing_lines": 6, "excluded_lines": 0, "percent_statements_covered": 0.0, "percent_statements_covered_display": "0", "num_branches": 0, "num_partial_branches": 0, "covered_branches": 0, "missing_branches": 0, "percent_branches_covered": 100.0, "percent_branches_covered_display": "100"}, "missing_lines": [109, 112, 113, 115, 118, 121], "excluded_lines": [], "executed_branches": [], "missing_branches": []}, "TestMainFocused.test_main_function_cleanup_on_exception": {"executed_lines": [], "summary": {"covered_lines": 0, "num_statements": 6, "percent_covered": 0.0, "percent_covered_display": "0", "missing_lines": 6, "excluded_lines": 0, "percent_statements_covered": 0.0, "percent_statements_covered_display": "0", "num_branches": 0, "num_partial_branches": 0, "covered_branches": 0, "missing_branches": 0, "percent_branches_covered": 100.0, "percent_branches_covered_display": "100"}, "missing_lines": [125, 128, 129, 131, 134, 135], "excluded_lines": [], "executed_branches": [], "missing_branches": []}, "TestMainFocused.test_main_function_cleanup_exception": {"executed_lines": [], "summary": {"covered_lines": 0, "num_statements": 6, "percent_covered": 0.0, "percent_covered_display": "0", "missing_lines": 6, "excluded_lines": 0, "percent_statements_covered": 0.0, "percent_statements_covered_display": "0", "num_branches": 0, "num_partial_branches": 0, "covered_branches": 0, "missing_branches": 0, "percent_branches_covered": 100.0, "percent_branches_covered_display": "100"}, "missing_lines": [139, 143, 144, 146, 148, 151], "excluded_lines": [], "executed_branches": [], "missing_branches": []}, "TestMainFocused.test_main_function_no_app_cleanup": {"executed_lines": [], "summary": {"covered_lines": 0, "num_statements": 3, "percent_covered": 0.0, "percent_covered_display": "0", "missing_lines": 3, "excluded_lines": 0, "percent_statements_covered": 0.0, "percent_statements_covered_display": "0", "num_branches": 0, "num_partial_branches": 0, "covered_branches": 0, "missing_branches": 0, "percent_branches_covered": 100.0, "percent_branches_covered_display": "100"}, "missing_lines": [155, 162, 165], "excluded_lines": [], "executed_branches": [], "missing_branches": []}, "TestMainFocused.test_main_function_logging_startup": {"executed_lines": [], "summary": {"covered_lines": 0, "num_statements": 5, "percent_covered": 0.0, "percent_covered_display": "0", "missing_lines": 5, "excluded_lines": 0, "percent_statements_covered": 0.0, "percent_statements_covered_display": "0", "num_branches": 0, "num_partial_branches": 0, "covered_branches": 0, "missing_branches": 0, "percent_branches_covered": 100.0, "percent_branches_covered_display": "100"}, "missing_lines": [169, 172, 173, 175, 177], "excluded_lines": [], "executed_branches": [], "missing_branches": []}, "TestApplicationMocked.test_application_init_mocked": {"executed_lines": [], "summary": {"covered_lines": 0, "num_statements": 10, "percent_covered": 0.0, "percent_covered_display": "0", "missing_lines": 10, "excluded_lines": 0, "percent_statements_covered": 0.0, "percent_statements_covered_display": "0", "num_branches": 0, "num_partial_branches": 0, "covered_branches": 0, "missing_branches": 0, "percent_branches_covered": 100.0, "percent_branches_covered_display": "100"}, "missing_lines": [185, 196, 198, 200, 201, 202, 203, 204, 205, 206], "excluded_lines": [], "executed_branches": [], "missing_branches": []}, "TestApplicationMocked.test_application_pid_file_creation": {"executed_lines": [], "summary": {"covered_lines": 0, "num_statements": 6, "percent_covered": 0.0, "percent_covered_display": "0", "missing_lines": 6, "excluded_lines": 0, "percent_statements_covered": 0.0, "percent_statements_covered_display": "0", "num_branches": 0, "num_partial_branches": 0, "covered_branches": 0, "missing_branches": 0, "percent_branches_covered": 100.0, "percent_branches_covered_display": "100"}, "missing_lines": [210, 229, 231, 234, 235, 238], "excluded_lines": [], "executed_branches": [], "missing_branches": []}, "TestApplicationMocked.test_application_signal_handlers": {"executed_lines": [], "summary": {"covered_lines": 0, "num_statements": 6, "percent_covered": 0.0, "percent_covered_display": "0", "missing_lines": 6, "excluded_lines": 0, "percent_statements_covered": 0.0, "percent_statements_covered_display": "0", "num_branches": 0, "num_partial_branches": 0, "covered_branches": 0, "missing_branches": 0, "percent_branches_covered": 100.0, "percent_branches_covered_display": "100"}, "missing_lines": [243, 244, 267, 269, 273, 277], "excluded_lines": [], "executed_branches": [], "missing_branches": []}, "TestApplicationMocked.test_application_process_message": {"executed_lines": [], "summary": {"covered_lines": 0, "num_statements": 8, "percent_covered": 0.0, "percent_covered_display": "0", "missing_lines": 8, "excluded_lines": 0, "percent_statements_covered": 0.0, "percent_statements_covered_display": "0", "num_branches": 0, "num_partial_branches": 0, "covered_branches": 0, "missing_branches": 0, "percent_branches_covered": 100.0, "percent_branches_covered_display": "100"}, "missing_lines": [282, 293, 295, 297, 298, 300, 301, 302], "excluded_lines": [], "executed_branches": [], "missing_branches": []}, "TestApplicationMocked.test_application_on_message_processed": {"executed_lines": [], "summary": {"covered_lines": 0, "num_statements": 6, "percent_covered": 0.0, "percent_covered_display": "0", "missing_lines": 6, "excluded_lines": 0, "percent_statements_covered": 0.0, "percent_statements_covered_display": "0", "num_branches": 0, "num_partial_branches": 0, "covered_branches": 0, "missing_branches": 0, "percent_branches_covered": 100.0, "percent_branches_covered_display": "100"}, "missing_lines": [307, 318, 320, 322, 323, 324], "excluded_lines": [], "executed_branches": [], "missing_branches": []}, "TestApplicationMocked.test_application_update_settings_message_mode": {"executed_lines": [], "summary": {"covered_lines": 0, "num_statements": 9, "percent_covered": 0.0, "percent_covered_display": "0", "missing_lines": 9, "excluded_lines": 0, "percent_statements_covered": 0.0, "percent_statements_covered_display": "0", "num_branches": 0, "num_partial_branches": 0, "covered_branches": 0, "missing_branches": 0, "percent_branches_covered": 100.0, "percent_branches_covered_display": "100"}, "missing_lines": [330, 341, 343, 345, 346, 348, 349, 351, 352], "excluded_lines": [], "executed_branches": [], "missing_branches": []}, "TestApplicationMocked.test_application_update_settings_debug_mode": {"executed_lines": [], "summary": {"covered_lines": 0, "num_statements": 5, "percent_covered": 0.0, "percent_covered_display": "0", "missing_lines": 5, "excluded_lines": 0, "percent_statements_covered": 0.0, "percent_statements_covered_display": "0", "num_branches": 0, "num_partial_branches": 0, "covered_branches": 0, "missing_branches": 0, "percent_branches_covered": 100.0, "percent_branches_covered_display": "100"}, "missing_lines": [356, 367, 369, 371, 372], "excluded_lines": [], "executed_branches": [], "missing_branches": []}, "TestApplicationMocked.test_application_update_settings_no_queue_processor": {"executed_lines": [], "summary": {"covered_lines": 0, "num_statements": 5, "percent_covered": 0.0, "percent_covered_display": "0", "missing_lines": 5, "excluded_lines": 0, "percent_statements_covered": 0.0, "percent_statements_covered_display": "0", "num_branches": 0, "num_partial_branches": 0, "covered_branches": 0, "missing_branches": 0, "percent_branches_covered": 100.0, "percent_branches_covered_display": "100"}, "missing_lines": [376, 387, 389, 390, 393], "excluded_lines": [], "executed_branches": [], "missing_branches": []}, "": {"executed_lines": [], "summary": {"covered_lines": 0, "num_statements": 29, "percent_covered": 0.0, "percent_covered_display": "0", "missing_lines": 29, "excluded_lines": 0, "percent_statements_covered": 0.0, "percent_statements_covered_display": "0", "num_branches": 0, "num_partial_branches": 0, "covered_branches": 0, "missing_branches": 0, "percent_branches_covered": 100.0, "percent_branches_covered_display": "100"}, "missing_lines": [3, 4, 5, 7, 9, 12, 15, 23, 32, 45, 61, 78, 107, 123, 137, 153, 167, 180, 183, 208, 240, 241, 279, 280, 304, 305, 328, 354, 374], "excluded_lines": [], "executed_branches": [], "missing_branches": []}}, "classes": {"TestMainFocused": {"executed_lines": [], "summary": {"covered_lines": 0, "num_statements": 66, "percent_covered": 0.0, "percent_covered_display": "0", "missing_lines": 66, "excluded_lines": 0, "percent_statements_covered": 0.0, "percent_statements_covered_display": "0", "num_branches": 2, "num_partial_branches": 0, "covered_branches": 0, "missing_branches": 2, "percent_branches_covered": 0.0, "percent_branches_covered_display": "0"}, "missing_lines": [17, 20, 21, 25, 28, 29, 30, 34, 37, 39, 40, 43, 47, 50, 53, 54, 56, 57, 58, 59, 63, 66, 67, 69, 71, 73, 74, 75, 76, 80, 83, 84, 88, 89, 90, 92, 95, 99, 100, 105, 109, 112, 113, 115, 118, 121, 125, 128, 129, 131, 134, 135, 139, 143, 144, 146, 148, 151, 155, 162, 165, 169, 172, 173, 175, 177], "excluded_lines": [], "executed_branches": [], "missing_branches": [[99, 100], [99, 105]]}, "TestApplicationMocked": {"executed_lines": [], "summary": {"covered_lines": 0, "num_statements": 55, "percent_covered": 0.0, "percent_covered_display": "0", "missing_lines": 55, "excluded_lines": 0, "percent_statements_covered": 0.0, "percent_statements_covered_display": "0", "num_branches": 0, "num_partial_branches": 0, "covered_branches": 0, "missing_branches": 0, "percent_branches_covered": 100.0, "percent_branches_covered_display": "100"}, "missing_lines": [185, 196, 198, 200, 201, 202, 203, 204, 205, 206, 210, 229, 231, 234, 235, 238, 243, 244, 267, 269, 273, 277, 282, 293, 295, 297, 298, 300, 301, 302, 307, 318, 320, 322, 323, 324, 330, 341, 343, 345, 346, 348, 349, 351, 352, 356, 367, 369, 371, 372, 376, 387, 389, 390, 393], "excluded_lines": [], "executed_branches": [], "missing_branches": []}, "": {"executed_lines": [], "summary": {"covered_lines": 0, "num_statements": 29, "percent_covered": 0.0, "percent_covered_display": "0", "missing_lines": 29, "excluded_lines": 0, "percent_statements_covered": 0.0, "percent_statements_covered_display": "0", "num_branches": 0, "num_partial_branches": 0, "covered_branches": 0, "missing_branches": 0, "percent_branches_covered": 100.0, "percent_branches_covered_display": "100"}, "missing_lines": [3, 4, 5, 7, 9, 12, 15, 23, 32, 45, 61, 78, 107, 123, 137, 153, 167, 180, 183, 208, 240, 241, 279, 280, 304, 305, 328, 354, 374], "excluded_lines": [], "executed_branches": [], "missing_branches": []}}}, "tests/utils/__init__.py": {"executed_lines": [], "summary": {"covered_lines": 0, "num_statements": 0, "percent_covered": 100.0, "percent_covered_display": "100", "missing_lines": 0, "excluded_lines": 0, "percent_statements_covered": 100.0, "percent_statements_covered_display": "100", "num_branches": 0, "num_partial_branches": 0, "covered_branches": 0, "missing_branches": 0, "percent_branches_covered": 100.0, "percent_branches_covered_display": "100"}, "missing_lines": [], "excluded_lines": [], "executed_branches": [], "missing_branches": [], "functions": {"": {"executed_lines": [], "summary": {"covered_lines": 0, "num_statements": 0, "percent_covered": 100.0, "percent_covered_display": "100", "missing_lines": 0, "excluded_lines": 0, "percent_statements_covered": 100.0, "percent_statements_covered_display": "100", "num_branches": 0, "num_partial_branches": 0, "covered_branches": 0, "missing_branches": 0, "percent_branches_covered": 100.0, "percent_branches_covered_display": "100"}, "missing_lines": [], "excluded_lines": [], "executed_branches": [], "missing_branches": []}}, "classes": {"": {"executed_lines": [], "summary": {"covered_lines": 0, "num_statements": 0, "percent_covered": 100.0, "percent_covered_display": "100", "missing_lines": 0, "excluded_lines": 0, "percent_statements_covered": 100.0, "percent_statements_covered_display": "100", "num_branches": 0, "num_partial_branches": 0, "covered_branches": 0, "missing_branches": 0, "percent_branches_covered": 100.0, "percent_branches_covered_display": "100"}, "missing_lines": [], "excluded_lines": [], "executed_branches": [], "missing_branches": []}}}}, "totals": {"covered_lines": 276, "num_statements": 4324, "percent_covered": 5.303612605687932, "percent_covered_display": "5", "missing_lines": 4048, "excluded_lines": 0, "percent_statements_covered": 6.382978723404255, "percent_statements_covered_display": "6", "num_branches": 880, "num_partial_branches": 0, "covered_branches": 0, "missing_branches": 880, "percent_branches_covered": 0.0, "percent_branches_covered_display": "0"}}